2017/07/17 17:14:02 [trace] [system.CModule] Loading "log" application component
in C:\xampp\htdocs\ferropedia\index.php (22)
2017/07/17 17:14:02 [trace] [system.CModule] Loading "request" application component
in C:\xampp\htdocs\ferropedia\index.php (22)
2017/07/17 17:14:02 [trace] [system.CModule] Loading "urlManager" application component
in C:\xampp\htdocs\ferropedia\index.php (22)
2017/07/17 17:14:02 [trace] [system.CModule] Loading "coreMessages" application component
in C:\xampp\htdocs\ferropedia\index.php (22)
2017/07/17 17:14:02 [trace] [system.CModule] Loading "db" application component
in C:\xampp\htdocs\ferropedia\protected\models\Jugador.php (24)
in C:\xampp\htdocs\ferropedia\wordpress\wp-content\themes\news-maxx\library\templates\layout-blog-1.php (129)
in C:\xampp\htdocs\ferropedia\wordpress\wp-includes\template.php (686)
2017/07/17 17:14:02 [trace] [system.db.CDbConnection] Opening DB connection
in C:\xampp\htdocs\ferropedia\protected\models\Jugador.php (24)
in C:\xampp\htdocs\ferropedia\wordpress\wp-content\themes\news-maxx\library\templates\layout-blog-1.php (129)
in C:\xampp\htdocs\ferropedia\wordpress\wp-includes\template.php (686)
2017/07/17 17:14:02 [trace] [system.db.CDbCommand] Querying SQL: SHOW FULL COLUMNS FROM `tbl_jugador`
in C:\xampp\htdocs\ferropedia\protected\models\Jugador.php (24)
in C:\xampp\htdocs\ferropedia\wordpress\wp-content\themes\news-maxx\library\templates\layout-blog-1.php (129)
in C:\xampp\htdocs\ferropedia\wordpress\wp-includes\template.php (686)
2017/07/17 17:14:02 [trace] [system.db.CDbCommand] Querying SQL: SHOW CREATE TABLE `tbl_jugador`
in C:\xampp\htdocs\ferropedia\protected\models\Jugador.php (24)
in C:\xampp\htdocs\ferropedia\wordpress\wp-content\themes\news-maxx\library\templates\layout-blog-1.php (129)
in C:\xampp\htdocs\ferropedia\wordpress\wp-includes\template.php (686)
2017/07/17 17:14:02 [trace] [system.db.ar.CActiveRecord] Jugador.findByPk()
in C:\xampp\htdocs\ferropedia\wordpress\wp-content\themes\news-maxx\library\templates\layout-blog-1.php (129)
in C:\xampp\htdocs\ferropedia\wordpress\wp-includes\template.php (686)
in C:\xampp\htdocs\ferropedia\wordpress\wp-includes\template.php (643)
2017/07/17 17:14:02 [trace] [system.db.CDbCommand] Querying SQL: SELECT * FROM `tbl_jugador` `t` WHERE `t`.`id`=26 LIMIT 1
in C:\xampp\htdocs\ferropedia\wordpress\wp-content\themes\news-maxx\library\templates\layout-blog-1.php (129)
in C:\xampp\htdocs\ferropedia\wordpress\wp-includes\template.php (686)
in C:\xampp\htdocs\ferropedia\wordpress\wp-includes\template.php (643)
2017/07/17 17:14:02 [trace] [system.db.ar.CActiveRecord] lazy loading Jugador.data
in C:\xampp\htdocs\ferropedia\wordpress\wp-content\themes\news-maxx\library\templates\layout-blog-1.php (140)
in C:\xampp\htdocs\ferropedia\wordpress\wp-includes\template.php (686)
in C:\xampp\htdocs\ferropedia\wordpress\wp-includes\template.php (643)
2017/07/17 17:14:02 [trace] [system.db.CDbCommand] Querying SQL: SHOW FULL COLUMNS FROM `tbl_data_extra`
in C:\xampp\htdocs\ferropedia\wordpress\wp-content\themes\news-maxx\library\templates\layout-blog-1.php (140)
in C:\xampp\htdocs\ferropedia\wordpress\wp-includes\template.php (686)
in C:\xampp\htdocs\ferropedia\wordpress\wp-includes\template.php (643)
2017/07/17 17:14:02 [trace] [system.db.CDbCommand] Querying SQL: SHOW CREATE TABLE `tbl_data_extra`
in C:\xampp\htdocs\ferropedia\wordpress\wp-content\themes\news-maxx\library\templates\layout-blog-1.php (140)
in C:\xampp\htdocs\ferropedia\wordpress\wp-includes\template.php (686)
in C:\xampp\htdocs\ferropedia\wordpress\wp-includes\template.php (643)
2017/07/17 17:14:02 [trace] [system.db.CDbCommand] Querying SQL: SELECT `data`.`id` AS `t1_c0`, `data`.`model` AS `t1_c1`, `data`.`modelId` AS `t1_c2`, `data`.`titulo` AS `t1_c3`, `data`.`texto` AS `t1_c4` FROM `tbl_data_extra` `data`  WHERE (model = 'Jugador') AND (`data`.`modelId`=:ypl0)
in C:\xampp\htdocs\ferropedia\wordpress\wp-content\themes\news-maxx\library\templates\layout-blog-1.php (140)
in C:\xampp\htdocs\ferropedia\wordpress\wp-includes\template.php (686)
in C:\xampp\htdocs\ferropedia\wordpress\wp-includes\template.php (643)
2017/07/17 17:14:02 [trace] [system.db.ar.CActiveRecord] Jugador.findAll()
in C:\xampp\htdocs\ferropedia\wordpress\wp-content\themes\news-maxx\library\templates\layout-blog-1.php (188)
in C:\xampp\htdocs\ferropedia\wordpress\wp-includes\template.php (686)
in C:\xampp\htdocs\ferropedia\wordpress\wp-includes\template.php (643)
2017/07/17 17:14:02 [trace] [system.db.CDbCommand] Querying SQL: SELECT * FROM `tbl_jugador` `t` WHERE id != 26 ORDER BY RAND() LIMIT 2
in C:\xampp\htdocs\ferropedia\wordpress\wp-content\themes\news-maxx\library\templates\layout-blog-1.php (188)
in C:\xampp\htdocs\ferropedia\wordpress\wp-includes\template.php (686)
in C:\xampp\htdocs\ferropedia\wordpress\wp-includes\template.php (643)
2017/07/17 17:14:03 [trace] [system.CModule] Loading "clientScript" application component
in C:\xampp\htdocs\ferropedia\protected\controllers\WpController.php (8)
in C:\xampp\htdocs\ferropedia\protected\components\ExceptionHandler.php (21)
2017/07/17 17:14:03 [trace] [system.CModule] Loading "log" application component
in C:\xampp\htdocs\ferropedia\index.php (22)
2017/07/17 17:14:03 [trace] [system.CModule] Loading "request" application component
in C:\xampp\htdocs\ferropedia\index.php (22)
2017/07/17 17:14:03 [trace] [system.CModule] Loading "urlManager" application component
in C:\xampp\htdocs\ferropedia\index.php (22)
2017/07/17 17:14:03 [trace] [system.CModule] Loading "coreMessages" application component
in C:\xampp\htdocs\ferropedia\index.php (22)
2017/07/17 17:14:03 [trace] [system.CModule] Loading "log" application component
in C:\xampp\htdocs\ferropedia\index.php (22)
2017/07/17 17:14:03 [trace] [system.CModule] Loading "request" application component
in C:\xampp\htdocs\ferropedia\index.php (22)
2017/07/17 17:14:03 [trace] [system.CModule] Loading "urlManager" application component
in C:\xampp\htdocs\ferropedia\index.php (22)
2017/07/17 17:14:03 [trace] [system.CModule] Loading "coreMessages" application component
in C:\xampp\htdocs\ferropedia\index.php (22)
2017/07/17 17:14:03 [trace] [system.CModule] Loading "db" application component
in C:\xampp\htdocs\ferropedia\protected\models\Jugador.php (24)
in C:\xampp\htdocs\ferropedia\wordpress\wp-content\themes\news-maxx\library\templates\layout-blog-1.php (129)
in C:\xampp\htdocs\ferropedia\wordpress\wp-includes\template.php (686)
2017/07/17 17:14:03 [trace] [system.db.CDbConnection] Opening DB connection
in C:\xampp\htdocs\ferropedia\protected\models\Jugador.php (24)
in C:\xampp\htdocs\ferropedia\wordpress\wp-content\themes\news-maxx\library\templates\layout-blog-1.php (129)
in C:\xampp\htdocs\ferropedia\wordpress\wp-includes\template.php (686)
2017/07/17 17:14:03 [trace] [system.db.CDbCommand] Querying SQL: SHOW FULL COLUMNS FROM `tbl_jugador`
in C:\xampp\htdocs\ferropedia\protected\models\Jugador.php (24)
in C:\xampp\htdocs\ferropedia\wordpress\wp-content\themes\news-maxx\library\templates\layout-blog-1.php (129)
in C:\xampp\htdocs\ferropedia\wordpress\wp-includes\template.php (686)
2017/07/17 17:14:03 [trace] [system.db.CDbCommand] Querying SQL: SHOW CREATE TABLE `tbl_jugador`
in C:\xampp\htdocs\ferropedia\protected\models\Jugador.php (24)
in C:\xampp\htdocs\ferropedia\wordpress\wp-content\themes\news-maxx\library\templates\layout-blog-1.php (129)
in C:\xampp\htdocs\ferropedia\wordpress\wp-includes\template.php (686)
2017/07/17 17:14:03 [trace] [system.db.ar.CActiveRecord] Jugador.findByPk()
in C:\xampp\htdocs\ferropedia\wordpress\wp-content\themes\news-maxx\library\templates\layout-blog-1.php (129)
in C:\xampp\htdocs\ferropedia\wordpress\wp-includes\template.php (686)
in C:\xampp\htdocs\ferropedia\wordpress\wp-includes\template.php (643)
2017/07/17 17:14:03 [trace] [system.db.CDbCommand] Querying SQL: SELECT * FROM `tbl_jugador` `t` WHERE `t`.`id`=26 LIMIT 1
in C:\xampp\htdocs\ferropedia\wordpress\wp-content\themes\news-maxx\library\templates\layout-blog-1.php (129)
in C:\xampp\htdocs\ferropedia\wordpress\wp-includes\template.php (686)
in C:\xampp\htdocs\ferropedia\wordpress\wp-includes\template.php (643)
2017/07/17 17:14:03 [trace] [system.db.ar.CActiveRecord] lazy loading Jugador.data
in C:\xampp\htdocs\ferropedia\wordpress\wp-content\themes\news-maxx\library\templates\layout-blog-1.php (140)
in C:\xampp\htdocs\ferropedia\wordpress\wp-includes\template.php (686)
in C:\xampp\htdocs\ferropedia\wordpress\wp-includes\template.php (643)
2017/07/17 17:14:03 [trace] [system.db.CDbCommand] Querying SQL: SHOW FULL COLUMNS FROM `tbl_data_extra`
in C:\xampp\htdocs\ferropedia\wordpress\wp-content\themes\news-maxx\library\templates\layout-blog-1.php (140)
in C:\xampp\htdocs\ferropedia\wordpress\wp-includes\template.php (686)
in C:\xampp\htdocs\ferropedia\wordpress\wp-includes\template.php (643)
2017/07/17 17:14:03 [trace] [system.db.CDbCommand] Querying SQL: SHOW CREATE TABLE `tbl_data_extra`
in C:\xampp\htdocs\ferropedia\wordpress\wp-content\themes\news-maxx\library\templates\layout-blog-1.php (140)
in C:\xampp\htdocs\ferropedia\wordpress\wp-includes\template.php (686)
in C:\xampp\htdocs\ferropedia\wordpress\wp-includes\template.php (643)
2017/07/17 17:14:03 [trace] [system.db.CDbCommand] Querying SQL: SELECT `data`.`id` AS `t1_c0`, `data`.`model` AS `t1_c1`, `data`.`modelId` AS `t1_c2`, `data`.`titulo` AS `t1_c3`, `data`.`texto` AS `t1_c4` FROM `tbl_data_extra` `data`  WHERE (model = 'Jugador') AND (`data`.`modelId`=:ypl0)
in C:\xampp\htdocs\ferropedia\wordpress\wp-content\themes\news-maxx\library\templates\layout-blog-1.php (140)
in C:\xampp\htdocs\ferropedia\wordpress\wp-includes\template.php (686)
in C:\xampp\htdocs\ferropedia\wordpress\wp-includes\template.php (643)
2017/07/17 17:14:03 [trace] [system.db.ar.CActiveRecord] Jugador.findAll()
in C:\xampp\htdocs\ferropedia\wordpress\wp-content\themes\news-maxx\library\templates\layout-blog-1.php (188)
in C:\xampp\htdocs\ferropedia\wordpress\wp-includes\template.php (686)
in C:\xampp\htdocs\ferropedia\wordpress\wp-includes\template.php (643)
2017/07/17 17:14:03 [trace] [system.db.CDbCommand] Querying SQL: SELECT * FROM `tbl_jugador` `t` WHERE id != 26 ORDER BY RAND() LIMIT 2
in C:\xampp\htdocs\ferropedia\wordpress\wp-content\themes\news-maxx\library\templates\layout-blog-1.php (188)
in C:\xampp\htdocs\ferropedia\wordpress\wp-includes\template.php (686)
in C:\xampp\htdocs\ferropedia\wordpress\wp-includes\template.php (643)
2017/07/17 17:14:06 [trace] [system.CModule] Loading "clientScript" application component
in C:\xampp\htdocs\ferropedia\protected\controllers\WpController.php (8)
in C:\xampp\htdocs\ferropedia\protected\components\ExceptionHandler.php (21)
2017/07/17 17:14:06 [trace] [system.CModule] Loading "log" application component
in C:\xampp\htdocs\ferropedia\index.php (22)
2017/07/17 17:14:06 [trace] [system.CModule] Loading "request" application component
in C:\xampp\htdocs\ferropedia\index.php (22)
2017/07/17 17:14:06 [trace] [system.CModule] Loading "urlManager" application component
in C:\xampp\htdocs\ferropedia\index.php (22)
2017/07/17 17:14:06 [trace] [system.CModule] Loading "coreMessages" application component
in C:\xampp\htdocs\ferropedia\index.php (22)
2017/07/17 17:14:06 [trace] [system.CModule] Loading "db" application component
in C:\xampp\htdocs\ferropedia\protected\models\Jugador.php (24)
in C:\xampp\htdocs\ferropedia\wordpress\wp-content\themes\news-maxx\library\templates\layout-blog-1.php (129)
in C:\xampp\htdocs\ferropedia\wordpress\wp-includes\template.php (686)
2017/07/17 17:14:06 [trace] [system.db.CDbConnection] Opening DB connection
in C:\xampp\htdocs\ferropedia\protected\models\Jugador.php (24)
in C:\xampp\htdocs\ferropedia\wordpress\wp-content\themes\news-maxx\library\templates\layout-blog-1.php (129)
in C:\xampp\htdocs\ferropedia\wordpress\wp-includes\template.php (686)
2017/07/17 17:14:06 [trace] [system.db.CDbCommand] Querying SQL: SHOW FULL COLUMNS FROM `tbl_jugador`
in C:\xampp\htdocs\ferropedia\protected\models\Jugador.php (24)
in C:\xampp\htdocs\ferropedia\wordpress\wp-content\themes\news-maxx\library\templates\layout-blog-1.php (129)
in C:\xampp\htdocs\ferropedia\wordpress\wp-includes\template.php (686)
2017/07/17 17:14:06 [trace] [system.db.CDbCommand] Querying SQL: SHOW CREATE TABLE `tbl_jugador`
in C:\xampp\htdocs\ferropedia\protected\models\Jugador.php (24)
in C:\xampp\htdocs\ferropedia\wordpress\wp-content\themes\news-maxx\library\templates\layout-blog-1.php (129)
in C:\xampp\htdocs\ferropedia\wordpress\wp-includes\template.php (686)
2017/07/17 17:14:06 [trace] [system.db.ar.CActiveRecord] Jugador.findByPk()
in C:\xampp\htdocs\ferropedia\wordpress\wp-content\themes\news-maxx\library\templates\layout-blog-1.php (129)
in C:\xampp\htdocs\ferropedia\wordpress\wp-includes\template.php (686)
in C:\xampp\htdocs\ferropedia\wordpress\wp-includes\template.php (643)
2017/07/17 17:14:06 [trace] [system.db.CDbCommand] Querying SQL: SELECT * FROM `tbl_jugador` `t` WHERE `t`.`id`=26 LIMIT 1
in C:\xampp\htdocs\ferropedia\wordpress\wp-content\themes\news-maxx\library\templates\layout-blog-1.php (129)
in C:\xampp\htdocs\ferropedia\wordpress\wp-includes\template.php (686)
in C:\xampp\htdocs\ferropedia\wordpress\wp-includes\template.php (643)
2017/07/17 17:14:06 [trace] [system.db.ar.CActiveRecord] lazy loading Jugador.data
in C:\xampp\htdocs\ferropedia\wordpress\wp-content\themes\news-maxx\library\templates\layout-blog-1.php (140)
in C:\xampp\htdocs\ferropedia\wordpress\wp-includes\template.php (686)
in C:\xampp\htdocs\ferropedia\wordpress\wp-includes\template.php (643)
2017/07/17 17:14:06 [trace] [system.db.CDbCommand] Querying SQL: SHOW FULL COLUMNS FROM `tbl_data_extra`
in C:\xampp\htdocs\ferropedia\wordpress\wp-content\themes\news-maxx\library\templates\layout-blog-1.php (140)
in C:\xampp\htdocs\ferropedia\wordpress\wp-includes\template.php (686)
in C:\xampp\htdocs\ferropedia\wordpress\wp-includes\template.php (643)
2017/07/17 17:14:06 [trace] [system.db.CDbCommand] Querying SQL: SHOW CREATE TABLE `tbl_data_extra`
in C:\xampp\htdocs\ferropedia\wordpress\wp-content\themes\news-maxx\library\templates\layout-blog-1.php (140)
in C:\xampp\htdocs\ferropedia\wordpress\wp-includes\template.php (686)
in C:\xampp\htdocs\ferropedia\wordpress\wp-includes\template.php (643)
2017/07/17 17:14:06 [trace] [system.db.CDbCommand] Querying SQL: SELECT `data`.`id` AS `t1_c0`, `data`.`model` AS `t1_c1`, `data`.`modelId` AS `t1_c2`, `data`.`titulo` AS `t1_c3`, `data`.`texto` AS `t1_c4` FROM `tbl_data_extra` `data`  WHERE (model = 'Jugador') AND (`data`.`modelId`=:ypl0)
in C:\xampp\htdocs\ferropedia\wordpress\wp-content\themes\news-maxx\library\templates\layout-blog-1.php (140)
in C:\xampp\htdocs\ferropedia\wordpress\wp-includes\template.php (686)
in C:\xampp\htdocs\ferropedia\wordpress\wp-includes\template.php (643)
2017/07/17 17:14:06 [trace] [system.db.ar.CActiveRecord] Jugador.findAll()
in C:\xampp\htdocs\ferropedia\wordpress\wp-content\themes\news-maxx\library\templates\layout-blog-1.php (188)
in C:\xampp\htdocs\ferropedia\wordpress\wp-includes\template.php (686)
in C:\xampp\htdocs\ferropedia\wordpress\wp-includes\template.php (643)
2017/07/17 17:14:06 [trace] [system.db.CDbCommand] Querying SQL: SELECT * FROM `tbl_jugador` `t` WHERE id != 26 ORDER BY RAND() LIMIT 2
in C:\xampp\htdocs\ferropedia\wordpress\wp-content\themes\news-maxx\library\templates\layout-blog-1.php (188)
in C:\xampp\htdocs\ferropedia\wordpress\wp-includes\template.php (686)
in C:\xampp\htdocs\ferropedia\wordpress\wp-includes\template.php (643)
2017/07/17 17:14:08 [trace] [system.CModule] Loading "clientScript" application component
in C:\xampp\htdocs\ferropedia\protected\controllers\WpController.php (8)
in C:\xampp\htdocs\ferropedia\protected\components\ExceptionHandler.php (21)
2017/07/17 17:14:29 [trace] [system.CModule] Loading "log" application component
in C:\xampp\htdocs\ferropedia\index.php (22)
2017/07/17 17:14:29 [trace] [system.CModule] Loading "request" application component
in C:\xampp\htdocs\ferropedia\index.php (22)
2017/07/17 17:14:29 [trace] [system.CModule] Loading "urlManager" application component
in C:\xampp\htdocs\ferropedia\index.php (22)
2017/07/17 17:14:29 [trace] [system.CModule] Loading "coreMessages" application component
in C:\xampp\htdocs\ferropedia\index.php (22)
2017/07/17 17:14:29 [trace] [system.CModule] Loading "clientScript" application component
in C:\xampp\htdocs\ferropedia\protected\controllers\WpController.php (8)
in C:\xampp\htdocs\ferropedia\protected\components\ExceptionHandler.php (21)
2017/07/17 17:22:41 [trace] [system.CModule] Loading "log" application component
in C:\xampp\htdocs\ferropedia\index.php (22)
2017/07/17 17:22:41 [trace] [system.CModule] Loading "request" application component
in C:\xampp\htdocs\ferropedia\index.php (22)
2017/07/17 17:22:41 [trace] [system.CModule] Loading "urlManager" application component
in C:\xampp\htdocs\ferropedia\index.php (22)
2017/07/17 17:22:41 [trace] [system.CModule] Loading "coreMessages" application component
in C:\xampp\htdocs\ferropedia\index.php (22)
2017/07/17 17:22:41 [trace] [system.CModule] Loading "clientScript" application component
in C:\xampp\htdocs\ferropedia\protected\controllers\WpController.php (8)
in C:\xampp\htdocs\ferropedia\protected\components\ExceptionHandler.php (21)
2017/07/17 17:23:29 [trace] [system.CModule] Loading "log" application component
in C:\xampp\htdocs\ferropedia\index.php (22)
2017/07/17 17:23:29 [trace] [system.CModule] Loading "request" application component
in C:\xampp\htdocs\ferropedia\index.php (22)
2017/07/17 17:23:29 [trace] [system.CModule] Loading "urlManager" application component
in C:\xampp\htdocs\ferropedia\index.php (22)
2017/07/17 17:23:29 [trace] [system.CModule] Loading "coreMessages" application component
in C:\xampp\htdocs\ferropedia\index.php (22)
2017/07/17 17:23:29 [trace] [system.CModule] Loading "clientScript" application component
in C:\xampp\htdocs\ferropedia\protected\controllers\WpController.php (8)
in C:\xampp\htdocs\ferropedia\protected\components\ExceptionHandler.php (21)
2017/07/17 17:23:34 [trace] [system.CModule] Loading "log" application component
in C:\xampp\htdocs\ferropedia\index.php (22)
2017/07/17 17:23:34 [trace] [system.CModule] Loading "request" application component
in C:\xampp\htdocs\ferropedia\index.php (22)
2017/07/17 17:23:34 [trace] [system.CModule] Loading "urlManager" application component
in C:\xampp\htdocs\ferropedia\index.php (22)
2017/07/17 17:23:34 [trace] [system.CModule] Loading "coreMessages" application component
in C:\xampp\htdocs\ferropedia\index.php (22)
2017/07/17 17:23:34 [trace] [system.CModule] Loading "db" application component
in C:\xampp\htdocs\ferropedia\protected\models\Jugador.php (24)
in C:\xampp\htdocs\ferropedia\wordpress\wp-content\themes\news-maxx\library\templates\layout-blog-1.php (129)
in C:\xampp\htdocs\ferropedia\wordpress\wp-includes\template.php (686)
2017/07/17 17:23:34 [trace] [system.db.CDbConnection] Opening DB connection
in C:\xampp\htdocs\ferropedia\protected\models\Jugador.php (24)
in C:\xampp\htdocs\ferropedia\wordpress\wp-content\themes\news-maxx\library\templates\layout-blog-1.php (129)
in C:\xampp\htdocs\ferropedia\wordpress\wp-includes\template.php (686)
2017/07/17 17:23:34 [trace] [system.db.CDbCommand] Querying SQL: SHOW FULL COLUMNS FROM `tbl_jugador`
in C:\xampp\htdocs\ferropedia\protected\models\Jugador.php (24)
in C:\xampp\htdocs\ferropedia\wordpress\wp-content\themes\news-maxx\library\templates\layout-blog-1.php (129)
in C:\xampp\htdocs\ferropedia\wordpress\wp-includes\template.php (686)
2017/07/17 17:23:34 [trace] [system.db.CDbCommand] Querying SQL: SHOW CREATE TABLE `tbl_jugador`
in C:\xampp\htdocs\ferropedia\protected\models\Jugador.php (24)
in C:\xampp\htdocs\ferropedia\wordpress\wp-content\themes\news-maxx\library\templates\layout-blog-1.php (129)
in C:\xampp\htdocs\ferropedia\wordpress\wp-includes\template.php (686)
2017/07/17 17:23:34 [trace] [system.db.ar.CActiveRecord] Jugador.findByPk()
in C:\xampp\htdocs\ferropedia\wordpress\wp-content\themes\news-maxx\library\templates\layout-blog-1.php (129)
in C:\xampp\htdocs\ferropedia\wordpress\wp-includes\template.php (686)
in C:\xampp\htdocs\ferropedia\wordpress\wp-includes\template.php (643)
2017/07/17 17:23:34 [trace] [system.db.CDbCommand] Querying SQL: SELECT * FROM `tbl_jugador` `t` WHERE `t`.`id`=26 LIMIT 1
in C:\xampp\htdocs\ferropedia\wordpress\wp-content\themes\news-maxx\library\templates\layout-blog-1.php (129)
in C:\xampp\htdocs\ferropedia\wordpress\wp-includes\template.php (686)
in C:\xampp\htdocs\ferropedia\wordpress\wp-includes\template.php (643)
2017/07/17 17:23:34 [trace] [system.db.ar.CActiveRecord] lazy loading Jugador.data
in C:\xampp\htdocs\ferropedia\wordpress\wp-content\themes\news-maxx\library\templates\layout-blog-1.php (140)
in C:\xampp\htdocs\ferropedia\wordpress\wp-includes\template.php (686)
in C:\xampp\htdocs\ferropedia\wordpress\wp-includes\template.php (643)
2017/07/17 17:23:34 [trace] [system.db.CDbCommand] Querying SQL: SHOW FULL COLUMNS FROM `tbl_data_extra`
in C:\xampp\htdocs\ferropedia\wordpress\wp-content\themes\news-maxx\library\templates\layout-blog-1.php (140)
in C:\xampp\htdocs\ferropedia\wordpress\wp-includes\template.php (686)
in C:\xampp\htdocs\ferropedia\wordpress\wp-includes\template.php (643)
2017/07/17 17:23:34 [trace] [system.db.CDbCommand] Querying SQL: SHOW CREATE TABLE `tbl_data_extra`
in C:\xampp\htdocs\ferropedia\wordpress\wp-content\themes\news-maxx\library\templates\layout-blog-1.php (140)
in C:\xampp\htdocs\ferropedia\wordpress\wp-includes\template.php (686)
in C:\xampp\htdocs\ferropedia\wordpress\wp-includes\template.php (643)
2017/07/17 17:23:34 [trace] [system.db.CDbCommand] Querying SQL: SELECT `data`.`id` AS `t1_c0`, `data`.`model` AS `t1_c1`, `data`.`modelId` AS `t1_c2`, `data`.`titulo` AS `t1_c3`, `data`.`texto` AS `t1_c4` FROM `tbl_data_extra` `data`  WHERE (model = 'Jugador') AND (`data`.`modelId`=:ypl0)
in C:\xampp\htdocs\ferropedia\wordpress\wp-content\themes\news-maxx\library\templates\layout-blog-1.php (140)
in C:\xampp\htdocs\ferropedia\wordpress\wp-includes\template.php (686)
in C:\xampp\htdocs\ferropedia\wordpress\wp-includes\template.php (643)
2017/07/17 17:23:34 [trace] [system.db.ar.CActiveRecord] Jugador.findAll()
in C:\xampp\htdocs\ferropedia\wordpress\wp-content\themes\news-maxx\library\templates\layout-blog-1.php (188)
in C:\xampp\htdocs\ferropedia\wordpress\wp-includes\template.php (686)
in C:\xampp\htdocs\ferropedia\wordpress\wp-includes\template.php (643)
2017/07/17 17:23:34 [trace] [system.db.CDbCommand] Querying SQL: SELECT * FROM `tbl_jugador` `t` WHERE id != 26 ORDER BY RAND() LIMIT 2
in C:\xampp\htdocs\ferropedia\wordpress\wp-content\themes\news-maxx\library\templates\layout-blog-1.php (188)
in C:\xampp\htdocs\ferropedia\wordpress\wp-includes\template.php (686)
in C:\xampp\htdocs\ferropedia\wordpress\wp-includes\template.php (643)
2017/07/17 17:23:34 [trace] [system.CModule] Loading "clientScript" application component
in C:\xampp\htdocs\ferropedia\protected\controllers\WpController.php (8)
in C:\xampp\htdocs\ferropedia\protected\components\ExceptionHandler.php (21)
2017/07/17 17:23:34 [trace] [system.CModule] Loading "log" application component
in C:\xampp\htdocs\ferropedia\index.php (22)
2017/07/17 17:23:34 [trace] [system.CModule] Loading "request" application component
in C:\xampp\htdocs\ferropedia\index.php (22)
2017/07/17 17:23:34 [trace] [system.CModule] Loading "urlManager" application component
in C:\xampp\htdocs\ferropedia\index.php (22)
2017/07/17 17:23:34 [trace] [system.CModule] Loading "coreMessages" application component
in C:\xampp\htdocs\ferropedia\index.php (22)
2017/07/17 17:23:35 [trace] [system.CModule] Loading "db" application component
in C:\xampp\htdocs\ferropedia\protected\models\Jugador.php (24)
in C:\xampp\htdocs\ferropedia\wordpress\wp-content\themes\news-maxx\library\templates\layout-blog-1.php (129)
in C:\xampp\htdocs\ferropedia\wordpress\wp-includes\template.php (686)
2017/07/17 17:23:35 [trace] [system.db.CDbConnection] Opening DB connection
in C:\xampp\htdocs\ferropedia\protected\models\Jugador.php (24)
in C:\xampp\htdocs\ferropedia\wordpress\wp-content\themes\news-maxx\library\templates\layout-blog-1.php (129)
in C:\xampp\htdocs\ferropedia\wordpress\wp-includes\template.php (686)
2017/07/17 17:23:35 [trace] [system.db.CDbCommand] Querying SQL: SHOW FULL COLUMNS FROM `tbl_jugador`
in C:\xampp\htdocs\ferropedia\protected\models\Jugador.php (24)
in C:\xampp\htdocs\ferropedia\wordpress\wp-content\themes\news-maxx\library\templates\layout-blog-1.php (129)
in C:\xampp\htdocs\ferropedia\wordpress\wp-includes\template.php (686)
2017/07/17 17:23:35 [trace] [system.db.CDbCommand] Querying SQL: SHOW CREATE TABLE `tbl_jugador`
in C:\xampp\htdocs\ferropedia\protected\models\Jugador.php (24)
in C:\xampp\htdocs\ferropedia\wordpress\wp-content\themes\news-maxx\library\templates\layout-blog-1.php (129)
in C:\xampp\htdocs\ferropedia\wordpress\wp-includes\template.php (686)
2017/07/17 17:23:35 [trace] [system.db.ar.CActiveRecord] Jugador.findByPk()
in C:\xampp\htdocs\ferropedia\wordpress\wp-content\themes\news-maxx\library\templates\layout-blog-1.php (129)
in C:\xampp\htdocs\ferropedia\wordpress\wp-includes\template.php (686)
in C:\xampp\htdocs\ferropedia\wordpress\wp-includes\template.php (643)
2017/07/17 17:23:35 [trace] [system.db.CDbCommand] Querying SQL: SELECT * FROM `tbl_jugador` `t` WHERE `t`.`id`=26 LIMIT 1
in C:\xampp\htdocs\ferropedia\wordpress\wp-content\themes\news-maxx\library\templates\layout-blog-1.php (129)
in C:\xampp\htdocs\ferropedia\wordpress\wp-includes\template.php (686)
in C:\xampp\htdocs\ferropedia\wordpress\wp-includes\template.php (643)
2017/07/17 17:23:35 [trace] [system.db.ar.CActiveRecord] lazy loading Jugador.data
in C:\xampp\htdocs\ferropedia\wordpress\wp-content\themes\news-maxx\library\templates\layout-blog-1.php (140)
in C:\xampp\htdocs\ferropedia\wordpress\wp-includes\template.php (686)
in C:\xampp\htdocs\ferropedia\wordpress\wp-includes\template.php (643)
2017/07/17 17:23:35 [trace] [system.db.CDbCommand] Querying SQL: SHOW FULL COLUMNS FROM `tbl_data_extra`
in C:\xampp\htdocs\ferropedia\wordpress\wp-content\themes\news-maxx\library\templates\layout-blog-1.php (140)
in C:\xampp\htdocs\ferropedia\wordpress\wp-includes\template.php (686)
in C:\xampp\htdocs\ferropedia\wordpress\wp-includes\template.php (643)
2017/07/17 17:23:35 [trace] [system.db.CDbCommand] Querying SQL: SHOW CREATE TABLE `tbl_data_extra`
in C:\xampp\htdocs\ferropedia\wordpress\wp-content\themes\news-maxx\library\templates\layout-blog-1.php (140)
in C:\xampp\htdocs\ferropedia\wordpress\wp-includes\template.php (686)
in C:\xampp\htdocs\ferropedia\wordpress\wp-includes\template.php (643)
2017/07/17 17:23:35 [trace] [system.db.CDbCommand] Querying SQL: SELECT `data`.`id` AS `t1_c0`, `data`.`model` AS `t1_c1`, `data`.`modelId` AS `t1_c2`, `data`.`titulo` AS `t1_c3`, `data`.`texto` AS `t1_c4` FROM `tbl_data_extra` `data`  WHERE (model = 'Jugador') AND (`data`.`modelId`=:ypl0)
in C:\xampp\htdocs\ferropedia\wordpress\wp-content\themes\news-maxx\library\templates\layout-blog-1.php (140)
in C:\xampp\htdocs\ferropedia\wordpress\wp-includes\template.php (686)
in C:\xampp\htdocs\ferropedia\wordpress\wp-includes\template.php (643)
2017/07/17 17:23:35 [trace] [system.db.ar.CActiveRecord] Jugador.findAll()
in C:\xampp\htdocs\ferropedia\wordpress\wp-content\themes\news-maxx\library\templates\layout-blog-1.php (188)
in C:\xampp\htdocs\ferropedia\wordpress\wp-includes\template.php (686)
in C:\xampp\htdocs\ferropedia\wordpress\wp-includes\template.php (643)
2017/07/17 17:23:35 [trace] [system.db.CDbCommand] Querying SQL: SELECT * FROM `tbl_jugador` `t` WHERE id != 26 ORDER BY RAND() LIMIT 2
in C:\xampp\htdocs\ferropedia\wordpress\wp-content\themes\news-maxx\library\templates\layout-blog-1.php (188)
in C:\xampp\htdocs\ferropedia\wordpress\wp-includes\template.php (686)
in C:\xampp\htdocs\ferropedia\wordpress\wp-includes\template.php (643)
2017/07/17 17:23:35 [trace] [system.CModule] Loading "clientScript" application component
in C:\xampp\htdocs\ferropedia\protected\controllers\WpController.php (8)
in C:\xampp\htdocs\ferropedia\protected\components\ExceptionHandler.php (21)
2017/07/17 17:24:17 [trace] [system.CModule] Loading "log" application component
in C:\xampp\htdocs\ferropedia\index.php (22)
2017/07/17 17:24:17 [trace] [system.CModule] Loading "request" application component
in C:\xampp\htdocs\ferropedia\index.php (22)
2017/07/17 17:24:17 [trace] [system.CModule] Loading "urlManager" application component
in C:\xampp\htdocs\ferropedia\index.php (22)
2017/07/17 17:24:17 [trace] [system.CModule] Loading "coreMessages" application component
in C:\xampp\htdocs\ferropedia\index.php (22)
2017/07/17 17:24:17 [trace] [system.CModule] Loading "db" application component
in C:\xampp\htdocs\ferropedia\protected\models\Jugador.php (24)
in C:\xampp\htdocs\ferropedia\wordpress\wp-content\themes\news-maxx\library\templates\layout-blog-1.php (129)
in C:\xampp\htdocs\ferropedia\wordpress\wp-includes\template.php (686)
2017/07/17 17:24:17 [trace] [system.db.CDbConnection] Opening DB connection
in C:\xampp\htdocs\ferropedia\protected\models\Jugador.php (24)
in C:\xampp\htdocs\ferropedia\wordpress\wp-content\themes\news-maxx\library\templates\layout-blog-1.php (129)
in C:\xampp\htdocs\ferropedia\wordpress\wp-includes\template.php (686)
2017/07/17 17:24:17 [trace] [system.db.CDbCommand] Querying SQL: SHOW FULL COLUMNS FROM `tbl_jugador`
in C:\xampp\htdocs\ferropedia\protected\models\Jugador.php (24)
in C:\xampp\htdocs\ferropedia\wordpress\wp-content\themes\news-maxx\library\templates\layout-blog-1.php (129)
in C:\xampp\htdocs\ferropedia\wordpress\wp-includes\template.php (686)
2017/07/17 17:24:17 [trace] [system.db.CDbCommand] Querying SQL: SHOW CREATE TABLE `tbl_jugador`
in C:\xampp\htdocs\ferropedia\protected\models\Jugador.php (24)
in C:\xampp\htdocs\ferropedia\wordpress\wp-content\themes\news-maxx\library\templates\layout-blog-1.php (129)
in C:\xampp\htdocs\ferropedia\wordpress\wp-includes\template.php (686)
2017/07/17 17:24:17 [trace] [system.db.ar.CActiveRecord] Jugador.findByPk()
in C:\xampp\htdocs\ferropedia\wordpress\wp-content\themes\news-maxx\library\templates\layout-blog-1.php (129)
in C:\xampp\htdocs\ferropedia\wordpress\wp-includes\template.php (686)
in C:\xampp\htdocs\ferropedia\wordpress\wp-includes\template.php (643)
2017/07/17 17:24:17 [trace] [system.db.CDbCommand] Querying SQL: SELECT * FROM `tbl_jugador` `t` WHERE `t`.`id`=26 LIMIT 1
in C:\xampp\htdocs\ferropedia\wordpress\wp-content\themes\news-maxx\library\templates\layout-blog-1.php (129)
in C:\xampp\htdocs\ferropedia\wordpress\wp-includes\template.php (686)
in C:\xampp\htdocs\ferropedia\wordpress\wp-includes\template.php (643)
2017/07/17 17:24:17 [trace] [system.db.ar.CActiveRecord] lazy loading Jugador.data
in C:\xampp\htdocs\ferropedia\wordpress\wp-content\themes\news-maxx\library\templates\layout-blog-1.php (140)
in C:\xampp\htdocs\ferropedia\wordpress\wp-includes\template.php (686)
in C:\xampp\htdocs\ferropedia\wordpress\wp-includes\template.php (643)
2017/07/17 17:24:17 [trace] [system.db.CDbCommand] Querying SQL: SHOW FULL COLUMNS FROM `tbl_data_extra`
in C:\xampp\htdocs\ferropedia\wordpress\wp-content\themes\news-maxx\library\templates\layout-blog-1.php (140)
in C:\xampp\htdocs\ferropedia\wordpress\wp-includes\template.php (686)
in C:\xampp\htdocs\ferropedia\wordpress\wp-includes\template.php (643)
2017/07/17 17:24:17 [trace] [system.db.CDbCommand] Querying SQL: SHOW CREATE TABLE `tbl_data_extra`
in C:\xampp\htdocs\ferropedia\wordpress\wp-content\themes\news-maxx\library\templates\layout-blog-1.php (140)
in C:\xampp\htdocs\ferropedia\wordpress\wp-includes\template.php (686)
in C:\xampp\htdocs\ferropedia\wordpress\wp-includes\template.php (643)
2017/07/17 17:24:17 [trace] [system.db.CDbCommand] Querying SQL: SELECT `data`.`id` AS `t1_c0`, `data`.`model` AS `t1_c1`, `data`.`modelId` AS `t1_c2`, `data`.`titulo` AS `t1_c3`, `data`.`texto` AS `t1_c4` FROM `tbl_data_extra` `data`  WHERE (model = 'Jugador') AND (`data`.`modelId`=:ypl0)
in C:\xampp\htdocs\ferropedia\wordpress\wp-content\themes\news-maxx\library\templates\layout-blog-1.php (140)
in C:\xampp\htdocs\ferropedia\wordpress\wp-includes\template.php (686)
in C:\xampp\htdocs\ferropedia\wordpress\wp-includes\template.php (643)
2017/07/17 17:24:17 [trace] [system.db.ar.CActiveRecord] Jugador.findAll()
in C:\xampp\htdocs\ferropedia\wordpress\wp-content\themes\news-maxx\library\templates\layout-blog-1.php (188)
in C:\xampp\htdocs\ferropedia\wordpress\wp-includes\template.php (686)
in C:\xampp\htdocs\ferropedia\wordpress\wp-includes\template.php (643)
2017/07/17 17:24:17 [trace] [system.db.CDbCommand] Querying SQL: SELECT * FROM `tbl_jugador` `t` WHERE id != 26 ORDER BY RAND() LIMIT 2
in C:\xampp\htdocs\ferropedia\wordpress\wp-content\themes\news-maxx\library\templates\layout-blog-1.php (188)
in C:\xampp\htdocs\ferropedia\wordpress\wp-includes\template.php (686)
in C:\xampp\htdocs\ferropedia\wordpress\wp-includes\template.php (643)
2017/07/17 17:24:18 [trace] [system.CModule] Loading "clientScript" application component
in C:\xampp\htdocs\ferropedia\protected\controllers\WpController.php (8)
in C:\xampp\htdocs\ferropedia\protected\components\ExceptionHandler.php (21)
2017/07/17 17:24:18 [trace] [system.CModule] Loading "log" application component
in C:\xampp\htdocs\ferropedia\index.php (22)
2017/07/17 17:24:18 [trace] [system.CModule] Loading "request" application component
in C:\xampp\htdocs\ferropedia\index.php (22)
2017/07/17 17:24:18 [trace] [system.CModule] Loading "urlManager" application component
in C:\xampp\htdocs\ferropedia\index.php (22)
2017/07/17 17:24:18 [trace] [system.CModule] Loading "coreMessages" application component
in C:\xampp\htdocs\ferropedia\index.php (22)
2017/07/17 17:24:18 [trace] [system.CModule] Loading "db" application component
in C:\xampp\htdocs\ferropedia\protected\models\Jugador.php (24)
in C:\xampp\htdocs\ferropedia\wordpress\wp-content\themes\news-maxx\library\templates\layout-blog-1.php (129)
in C:\xampp\htdocs\ferropedia\wordpress\wp-includes\template.php (686)
2017/07/17 17:24:18 [trace] [system.db.CDbConnection] Opening DB connection
in C:\xampp\htdocs\ferropedia\protected\models\Jugador.php (24)
in C:\xampp\htdocs\ferropedia\wordpress\wp-content\themes\news-maxx\library\templates\layout-blog-1.php (129)
in C:\xampp\htdocs\ferropedia\wordpress\wp-includes\template.php (686)
2017/07/17 17:24:18 [trace] [system.db.CDbCommand] Querying SQL: SHOW FULL COLUMNS FROM `tbl_jugador`
in C:\xampp\htdocs\ferropedia\protected\models\Jugador.php (24)
in C:\xampp\htdocs\ferropedia\wordpress\wp-content\themes\news-maxx\library\templates\layout-blog-1.php (129)
in C:\xampp\htdocs\ferropedia\wordpress\wp-includes\template.php (686)
2017/07/17 17:24:18 [trace] [system.db.CDbCommand] Querying SQL: SHOW CREATE TABLE `tbl_jugador`
in C:\xampp\htdocs\ferropedia\protected\models\Jugador.php (24)
in C:\xampp\htdocs\ferropedia\wordpress\wp-content\themes\news-maxx\library\templates\layout-blog-1.php (129)
in C:\xampp\htdocs\ferropedia\wordpress\wp-includes\template.php (686)
2017/07/17 17:24:18 [trace] [system.db.ar.CActiveRecord] Jugador.findByPk()
in C:\xampp\htdocs\ferropedia\wordpress\wp-content\themes\news-maxx\library\templates\layout-blog-1.php (129)
in C:\xampp\htdocs\ferropedia\wordpress\wp-includes\template.php (686)
in C:\xampp\htdocs\ferropedia\wordpress\wp-includes\template.php (643)
2017/07/17 17:24:18 [trace] [system.db.CDbCommand] Querying SQL: SELECT * FROM `tbl_jugador` `t` WHERE `t`.`id`=26 LIMIT 1
in C:\xampp\htdocs\ferropedia\wordpress\wp-content\themes\news-maxx\library\templates\layout-blog-1.php (129)
in C:\xampp\htdocs\ferropedia\wordpress\wp-includes\template.php (686)
in C:\xampp\htdocs\ferropedia\wordpress\wp-includes\template.php (643)
2017/07/17 17:24:18 [trace] [system.db.ar.CActiveRecord] lazy loading Jugador.data
in C:\xampp\htdocs\ferropedia\wordpress\wp-content\themes\news-maxx\library\templates\layout-blog-1.php (140)
in C:\xampp\htdocs\ferropedia\wordpress\wp-includes\template.php (686)
in C:\xampp\htdocs\ferropedia\wordpress\wp-includes\template.php (643)
2017/07/17 17:24:18 [trace] [system.db.CDbCommand] Querying SQL: SHOW FULL COLUMNS FROM `tbl_data_extra`
in C:\xampp\htdocs\ferropedia\wordpress\wp-content\themes\news-maxx\library\templates\layout-blog-1.php (140)
in C:\xampp\htdocs\ferropedia\wordpress\wp-includes\template.php (686)
in C:\xampp\htdocs\ferropedia\wordpress\wp-includes\template.php (643)
2017/07/17 17:24:19 [trace] [system.db.CDbCommand] Querying SQL: SHOW CREATE TABLE `tbl_data_extra`
in C:\xampp\htdocs\ferropedia\wordpress\wp-content\themes\news-maxx\library\templates\layout-blog-1.php (140)
in C:\xampp\htdocs\ferropedia\wordpress\wp-includes\template.php (686)
in C:\xampp\htdocs\ferropedia\wordpress\wp-includes\template.php (643)
2017/07/17 17:24:19 [trace] [system.db.CDbCommand] Querying SQL: SELECT `data`.`id` AS `t1_c0`, `data`.`model` AS `t1_c1`, `data`.`modelId` AS `t1_c2`, `data`.`titulo` AS `t1_c3`, `data`.`texto` AS `t1_c4` FROM `tbl_data_extra` `data`  WHERE (model = 'Jugador') AND (`data`.`modelId`=:ypl0)
in C:\xampp\htdocs\ferropedia\wordpress\wp-content\themes\news-maxx\library\templates\layout-blog-1.php (140)
in C:\xampp\htdocs\ferropedia\wordpress\wp-includes\template.php (686)
in C:\xampp\htdocs\ferropedia\wordpress\wp-includes\template.php (643)
2017/07/17 17:24:19 [trace] [system.db.ar.CActiveRecord] Jugador.findAll()
in C:\xampp\htdocs\ferropedia\wordpress\wp-content\themes\news-maxx\library\templates\layout-blog-1.php (188)
in C:\xampp\htdocs\ferropedia\wordpress\wp-includes\template.php (686)
in C:\xampp\htdocs\ferropedia\wordpress\wp-includes\template.php (643)
2017/07/17 17:24:19 [trace] [system.db.CDbCommand] Querying SQL: SELECT * FROM `tbl_jugador` `t` WHERE id != 26 ORDER BY RAND() LIMIT 2
in C:\xampp\htdocs\ferropedia\wordpress\wp-content\themes\news-maxx\library\templates\layout-blog-1.php (188)
in C:\xampp\htdocs\ferropedia\wordpress\wp-includes\template.php (686)
in C:\xampp\htdocs\ferropedia\wordpress\wp-includes\template.php (643)
2017/07/17 17:24:19 [trace] [system.CModule] Loading "clientScript" application component
in C:\xampp\htdocs\ferropedia\protected\controllers\WpController.php (8)
in C:\xampp\htdocs\ferropedia\protected\components\ExceptionHandler.php (21)
2017/07/17 17:25:48 [trace] [system.CModule] Loading "log" application component
in C:\xampp\htdocs\ferropedia\index.php (22)
2017/07/17 17:25:48 [trace] [system.CModule] Loading "request" application component
in C:\xampp\htdocs\ferropedia\index.php (22)
2017/07/17 17:25:48 [trace] [system.CModule] Loading "urlManager" application component
in C:\xampp\htdocs\ferropedia\index.php (22)
2017/07/17 17:25:48 [trace] [system.CModule] Loading "coreMessages" application component
in C:\xampp\htdocs\ferropedia\index.php (22)
2017/07/17 17:25:48 [trace] [system.CModule] Loading "db" application component
in C:\xampp\htdocs\ferropedia\protected\models\Jugador.php (24)
in C:\xampp\htdocs\ferropedia\wordpress\wp-content\themes\news-maxx\library\templates\layout-blog-1.php (129)
in C:\xampp\htdocs\ferropedia\wordpress\wp-includes\template.php (686)
2017/07/17 17:25:48 [trace] [system.db.CDbConnection] Opening DB connection
in C:\xampp\htdocs\ferropedia\protected\models\Jugador.php (24)
in C:\xampp\htdocs\ferropedia\wordpress\wp-content\themes\news-maxx\library\templates\layout-blog-1.php (129)
in C:\xampp\htdocs\ferropedia\wordpress\wp-includes\template.php (686)
2017/07/17 17:25:48 [trace] [system.db.CDbCommand] Querying SQL: SHOW FULL COLUMNS FROM `tbl_jugador`
in C:\xampp\htdocs\ferropedia\protected\models\Jugador.php (24)
in C:\xampp\htdocs\ferropedia\wordpress\wp-content\themes\news-maxx\library\templates\layout-blog-1.php (129)
in C:\xampp\htdocs\ferropedia\wordpress\wp-includes\template.php (686)
2017/07/17 17:25:48 [trace] [system.db.CDbCommand] Querying SQL: SHOW CREATE TABLE `tbl_jugador`
in C:\xampp\htdocs\ferropedia\protected\models\Jugador.php (24)
in C:\xampp\htdocs\ferropedia\wordpress\wp-content\themes\news-maxx\library\templates\layout-blog-1.php (129)
in C:\xampp\htdocs\ferropedia\wordpress\wp-includes\template.php (686)
2017/07/17 17:25:48 [trace] [system.db.ar.CActiveRecord] Jugador.findByPk()
in C:\xampp\htdocs\ferropedia\wordpress\wp-content\themes\news-maxx\library\templates\layout-blog-1.php (129)
in C:\xampp\htdocs\ferropedia\wordpress\wp-includes\template.php (686)
in C:\xampp\htdocs\ferropedia\wordpress\wp-includes\template.php (643)
2017/07/17 17:25:48 [trace] [system.db.CDbCommand] Querying SQL: SELECT * FROM `tbl_jugador` `t` WHERE `t`.`id`=26 LIMIT 1
in C:\xampp\htdocs\ferropedia\wordpress\wp-content\themes\news-maxx\library\templates\layout-blog-1.php (129)
in C:\xampp\htdocs\ferropedia\wordpress\wp-includes\template.php (686)
in C:\xampp\htdocs\ferropedia\wordpress\wp-includes\template.php (643)
2017/07/17 17:25:48 [trace] [system.db.ar.CActiveRecord] lazy loading Jugador.data
in C:\xampp\htdocs\ferropedia\wordpress\wp-content\themes\news-maxx\library\templates\layout-blog-1.php (140)
in C:\xampp\htdocs\ferropedia\wordpress\wp-includes\template.php (686)
in C:\xampp\htdocs\ferropedia\wordpress\wp-includes\template.php (643)
2017/07/17 17:25:48 [trace] [system.db.CDbCommand] Querying SQL: SHOW FULL COLUMNS FROM `tbl_data_extra`
in C:\xampp\htdocs\ferropedia\wordpress\wp-content\themes\news-maxx\library\templates\layout-blog-1.php (140)
in C:\xampp\htdocs\ferropedia\wordpress\wp-includes\template.php (686)
in C:\xampp\htdocs\ferropedia\wordpress\wp-includes\template.php (643)
2017/07/17 17:25:48 [trace] [system.db.CDbCommand] Querying SQL: SHOW CREATE TABLE `tbl_data_extra`
in C:\xampp\htdocs\ferropedia\wordpress\wp-content\themes\news-maxx\library\templates\layout-blog-1.php (140)
in C:\xampp\htdocs\ferropedia\wordpress\wp-includes\template.php (686)
in C:\xampp\htdocs\ferropedia\wordpress\wp-includes\template.php (643)
2017/07/17 17:25:48 [trace] [system.db.CDbCommand] Querying SQL: SELECT `data`.`id` AS `t1_c0`, `data`.`model` AS `t1_c1`, `data`.`modelId` AS `t1_c2`, `data`.`titulo` AS `t1_c3`, `data`.`texto` AS `t1_c4` FROM `tbl_data_extra` `data`  WHERE (model = 'Jugador') AND (`data`.`modelId`=:ypl0)
in C:\xampp\htdocs\ferropedia\wordpress\wp-content\themes\news-maxx\library\templates\layout-blog-1.php (140)
in C:\xampp\htdocs\ferropedia\wordpress\wp-includes\template.php (686)
in C:\xampp\htdocs\ferropedia\wordpress\wp-includes\template.php (643)
2017/07/17 17:25:48 [trace] [system.db.ar.CActiveRecord] Jugador.findAll()
in C:\xampp\htdocs\ferropedia\wordpress\wp-content\themes\news-maxx\library\templates\layout-blog-1.php (188)
in C:\xampp\htdocs\ferropedia\wordpress\wp-includes\template.php (686)
in C:\xampp\htdocs\ferropedia\wordpress\wp-includes\template.php (643)
2017/07/17 17:25:48 [trace] [system.db.CDbCommand] Querying SQL: SELECT * FROM `tbl_jugador` `t` WHERE id != 26 ORDER BY RAND() LIMIT 2
in C:\xampp\htdocs\ferropedia\wordpress\wp-content\themes\news-maxx\library\templates\layout-blog-1.php (188)
in C:\xampp\htdocs\ferropedia\wordpress\wp-includes\template.php (686)
in C:\xampp\htdocs\ferropedia\wordpress\wp-includes\template.php (643)
2017/07/17 17:25:48 [trace] [system.CModule] Loading "clientScript" application component
in C:\xampp\htdocs\ferropedia\protected\controllers\WpController.php (8)
in C:\xampp\htdocs\ferropedia\protected\components\ExceptionHandler.php (21)
2017/07/17 17:25:49 [trace] [system.CModule] Loading "log" application component
in C:\xampp\htdocs\ferropedia\index.php (22)
2017/07/17 17:25:49 [trace] [system.CModule] Loading "request" application component
in C:\xampp\htdocs\ferropedia\index.php (22)
2017/07/17 17:25:49 [trace] [system.CModule] Loading "urlManager" application component
in C:\xampp\htdocs\ferropedia\index.php (22)
2017/07/17 17:25:49 [trace] [system.CModule] Loading "coreMessages" application component
in C:\xampp\htdocs\ferropedia\index.php (22)
2017/07/17 17:25:49 [trace] [system.CModule] Loading "db" application component
in C:\xampp\htdocs\ferropedia\protected\models\Jugador.php (24)
in C:\xampp\htdocs\ferropedia\wordpress\wp-content\themes\news-maxx\library\templates\layout-blog-1.php (129)
in C:\xampp\htdocs\ferropedia\wordpress\wp-includes\template.php (686)
2017/07/17 17:25:49 [trace] [system.db.CDbConnection] Opening DB connection
in C:\xampp\htdocs\ferropedia\protected\models\Jugador.php (24)
in C:\xampp\htdocs\ferropedia\wordpress\wp-content\themes\news-maxx\library\templates\layout-blog-1.php (129)
in C:\xampp\htdocs\ferropedia\wordpress\wp-includes\template.php (686)
2017/07/17 17:25:49 [trace] [system.db.CDbCommand] Querying SQL: SHOW FULL COLUMNS FROM `tbl_jugador`
in C:\xampp\htdocs\ferropedia\protected\models\Jugador.php (24)
in C:\xampp\htdocs\ferropedia\wordpress\wp-content\themes\news-maxx\library\templates\layout-blog-1.php (129)
in C:\xampp\htdocs\ferropedia\wordpress\wp-includes\template.php (686)
2017/07/17 17:25:49 [trace] [system.db.CDbCommand] Querying SQL: SHOW CREATE TABLE `tbl_jugador`
in C:\xampp\htdocs\ferropedia\protected\models\Jugador.php (24)
in C:\xampp\htdocs\ferropedia\wordpress\wp-content\themes\news-maxx\library\templates\layout-blog-1.php (129)
in C:\xampp\htdocs\ferropedia\wordpress\wp-includes\template.php (686)
2017/07/17 17:25:49 [trace] [system.db.ar.CActiveRecord] Jugador.findByPk()
in C:\xampp\htdocs\ferropedia\wordpress\wp-content\themes\news-maxx\library\templates\layout-blog-1.php (129)
in C:\xampp\htdocs\ferropedia\wordpress\wp-includes\template.php (686)
in C:\xampp\htdocs\ferropedia\wordpress\wp-includes\template.php (643)
2017/07/17 17:25:49 [trace] [system.db.CDbCommand] Querying SQL: SELECT * FROM `tbl_jugador` `t` WHERE `t`.`id`=26 LIMIT 1
in C:\xampp\htdocs\ferropedia\wordpress\wp-content\themes\news-maxx\library\templates\layout-blog-1.php (129)
in C:\xampp\htdocs\ferropedia\wordpress\wp-includes\template.php (686)
in C:\xampp\htdocs\ferropedia\wordpress\wp-includes\template.php (643)
2017/07/17 17:25:49 [trace] [system.db.ar.CActiveRecord] lazy loading Jugador.data
in C:\xampp\htdocs\ferropedia\wordpress\wp-content\themes\news-maxx\library\templates\layout-blog-1.php (140)
in C:\xampp\htdocs\ferropedia\wordpress\wp-includes\template.php (686)
in C:\xampp\htdocs\ferropedia\wordpress\wp-includes\template.php (643)
2017/07/17 17:25:49 [trace] [system.db.CDbCommand] Querying SQL: SHOW FULL COLUMNS FROM `tbl_data_extra`
in C:\xampp\htdocs\ferropedia\wordpress\wp-content\themes\news-maxx\library\templates\layout-blog-1.php (140)
in C:\xampp\htdocs\ferropedia\wordpress\wp-includes\template.php (686)
in C:\xampp\htdocs\ferropedia\wordpress\wp-includes\template.php (643)
2017/07/17 17:25:49 [trace] [system.db.CDbCommand] Querying SQL: SHOW CREATE TABLE `tbl_data_extra`
in C:\xampp\htdocs\ferropedia\wordpress\wp-content\themes\news-maxx\library\templates\layout-blog-1.php (140)
in C:\xampp\htdocs\ferropedia\wordpress\wp-includes\template.php (686)
in C:\xampp\htdocs\ferropedia\wordpress\wp-includes\template.php (643)
2017/07/17 17:25:49 [trace] [system.db.CDbCommand] Querying SQL: SELECT `data`.`id` AS `t1_c0`, `data`.`model` AS `t1_c1`, `data`.`modelId` AS `t1_c2`, `data`.`titulo` AS `t1_c3`, `data`.`texto` AS `t1_c4` FROM `tbl_data_extra` `data`  WHERE (model = 'Jugador') AND (`data`.`modelId`=:ypl0)
in C:\xampp\htdocs\ferropedia\wordpress\wp-content\themes\news-maxx\library\templates\layout-blog-1.php (140)
in C:\xampp\htdocs\ferropedia\wordpress\wp-includes\template.php (686)
in C:\xampp\htdocs\ferropedia\wordpress\wp-includes\template.php (643)
2017/07/17 17:25:49 [trace] [system.db.ar.CActiveRecord] Jugador.findAll()
in C:\xampp\htdocs\ferropedia\wordpress\wp-content\themes\news-maxx\library\templates\layout-blog-1.php (188)
in C:\xampp\htdocs\ferropedia\wordpress\wp-includes\template.php (686)
in C:\xampp\htdocs\ferropedia\wordpress\wp-includes\template.php (643)
2017/07/17 17:25:49 [trace] [system.db.CDbCommand] Querying SQL: SELECT * FROM `tbl_jugador` `t` WHERE id != 26 ORDER BY RAND() LIMIT 2
in C:\xampp\htdocs\ferropedia\wordpress\wp-content\themes\news-maxx\library\templates\layout-blog-1.php (188)
in C:\xampp\htdocs\ferropedia\wordpress\wp-includes\template.php (686)
in C:\xampp\htdocs\ferropedia\wordpress\wp-includes\template.php (643)
2017/07/17 17:25:49 [trace] [system.CModule] Loading "clientScript" application component
in C:\xampp\htdocs\ferropedia\protected\controllers\WpController.php (8)
in C:\xampp\htdocs\ferropedia\protected\components\ExceptionHandler.php (21)
2017/07/17 17:26:27 [trace] [system.CModule] Loading "log" application component
in C:\xampp\htdocs\ferropedia\index.php (22)
2017/07/17 17:26:27 [trace] [system.CModule] Loading "request" application component
in C:\xampp\htdocs\ferropedia\index.php (22)
2017/07/17 17:26:27 [trace] [system.CModule] Loading "urlManager" application component
in C:\xampp\htdocs\ferropedia\index.php (22)
2017/07/17 17:26:27 [trace] [system.CModule] Loading "coreMessages" application component
in C:\xampp\htdocs\ferropedia\index.php (22)
2017/07/17 17:26:28 [trace] [system.CModule] Loading "db" application component
in C:\xampp\htdocs\ferropedia\protected\models\Jugador.php (24)
in C:\xampp\htdocs\ferropedia\wordpress\wp-content\themes\news-maxx\library\templates\layout-blog-1.php (129)
in C:\xampp\htdocs\ferropedia\wordpress\wp-includes\template.php (686)
2017/07/17 17:26:28 [trace] [system.db.CDbConnection] Opening DB connection
in C:\xampp\htdocs\ferropedia\protected\models\Jugador.php (24)
in C:\xampp\htdocs\ferropedia\wordpress\wp-content\themes\news-maxx\library\templates\layout-blog-1.php (129)
in C:\xampp\htdocs\ferropedia\wordpress\wp-includes\template.php (686)
2017/07/17 17:26:28 [trace] [system.db.CDbCommand] Querying SQL: SHOW FULL COLUMNS FROM `tbl_jugador`
in C:\xampp\htdocs\ferropedia\protected\models\Jugador.php (24)
in C:\xampp\htdocs\ferropedia\wordpress\wp-content\themes\news-maxx\library\templates\layout-blog-1.php (129)
in C:\xampp\htdocs\ferropedia\wordpress\wp-includes\template.php (686)
2017/07/17 17:26:28 [trace] [system.db.CDbCommand] Querying SQL: SHOW CREATE TABLE `tbl_jugador`
in C:\xampp\htdocs\ferropedia\protected\models\Jugador.php (24)
in C:\xampp\htdocs\ferropedia\wordpress\wp-content\themes\news-maxx\library\templates\layout-blog-1.php (129)
in C:\xampp\htdocs\ferropedia\wordpress\wp-includes\template.php (686)
2017/07/17 17:26:28 [trace] [system.db.ar.CActiveRecord] Jugador.findByPk()
in C:\xampp\htdocs\ferropedia\wordpress\wp-content\themes\news-maxx\library\templates\layout-blog-1.php (129)
in C:\xampp\htdocs\ferropedia\wordpress\wp-includes\template.php (686)
in C:\xampp\htdocs\ferropedia\wordpress\wp-includes\template.php (643)
2017/07/17 17:26:28 [trace] [system.db.CDbCommand] Querying SQL: SELECT * FROM `tbl_jugador` `t` WHERE `t`.`id`=26 LIMIT 1
in C:\xampp\htdocs\ferropedia\wordpress\wp-content\themes\news-maxx\library\templates\layout-blog-1.php (129)
in C:\xampp\htdocs\ferropedia\wordpress\wp-includes\template.php (686)
in C:\xampp\htdocs\ferropedia\wordpress\wp-includes\template.php (643)
2017/07/17 17:26:28 [trace] [system.db.ar.CActiveRecord] lazy loading Jugador.data
in C:\xampp\htdocs\ferropedia\wordpress\wp-content\themes\news-maxx\library\templates\layout-blog-1.php (140)
in C:\xampp\htdocs\ferropedia\wordpress\wp-includes\template.php (686)
in C:\xampp\htdocs\ferropedia\wordpress\wp-includes\template.php (643)
2017/07/17 17:26:28 [trace] [system.db.CDbCommand] Querying SQL: SHOW FULL COLUMNS FROM `tbl_data_extra`
in C:\xampp\htdocs\ferropedia\wordpress\wp-content\themes\news-maxx\library\templates\layout-blog-1.php (140)
in C:\xampp\htdocs\ferropedia\wordpress\wp-includes\template.php (686)
in C:\xampp\htdocs\ferropedia\wordpress\wp-includes\template.php (643)
2017/07/17 17:26:28 [trace] [system.db.CDbCommand] Querying SQL: SHOW CREATE TABLE `tbl_data_extra`
in C:\xampp\htdocs\ferropedia\wordpress\wp-content\themes\news-maxx\library\templates\layout-blog-1.php (140)
in C:\xampp\htdocs\ferropedia\wordpress\wp-includes\template.php (686)
in C:\xampp\htdocs\ferropedia\wordpress\wp-includes\template.php (643)
2017/07/17 17:26:28 [trace] [system.db.CDbCommand] Querying SQL: SELECT `data`.`id` AS `t1_c0`, `data`.`model` AS `t1_c1`, `data`.`modelId` AS `t1_c2`, `data`.`titulo` AS `t1_c3`, `data`.`texto` AS `t1_c4` FROM `tbl_data_extra` `data`  WHERE (model = 'Jugador') AND (`data`.`modelId`=:ypl0)
in C:\xampp\htdocs\ferropedia\wordpress\wp-content\themes\news-maxx\library\templates\layout-blog-1.php (140)
in C:\xampp\htdocs\ferropedia\wordpress\wp-includes\template.php (686)
in C:\xampp\htdocs\ferropedia\wordpress\wp-includes\template.php (643)
2017/07/17 17:26:28 [trace] [system.db.ar.CActiveRecord] Jugador.findAll()
in C:\xampp\htdocs\ferropedia\wordpress\wp-content\themes\news-maxx\library\templates\layout-blog-1.php (188)
in C:\xampp\htdocs\ferropedia\wordpress\wp-includes\template.php (686)
in C:\xampp\htdocs\ferropedia\wordpress\wp-includes\template.php (643)
2017/07/17 17:26:28 [trace] [system.db.CDbCommand] Querying SQL: SELECT * FROM `tbl_jugador` `t` WHERE id != 26 ORDER BY RAND() LIMIT 2
in C:\xampp\htdocs\ferropedia\wordpress\wp-content\themes\news-maxx\library\templates\layout-blog-1.php (188)
in C:\xampp\htdocs\ferropedia\wordpress\wp-includes\template.php (686)
in C:\xampp\htdocs\ferropedia\wordpress\wp-includes\template.php (643)
2017/07/17 17:26:28 [trace] [system.CModule] Loading "clientScript" application component
in C:\xampp\htdocs\ferropedia\protected\controllers\WpController.php (8)
in C:\xampp\htdocs\ferropedia\protected\components\ExceptionHandler.php (21)
2017/07/17 17:26:28 [trace] [system.CModule] Loading "log" application component
in C:\xampp\htdocs\ferropedia\index.php (22)
2017/07/17 17:26:28 [trace] [system.CModule] Loading "request" application component
in C:\xampp\htdocs\ferropedia\index.php (22)
2017/07/17 17:26:28 [trace] [system.CModule] Loading "urlManager" application component
in C:\xampp\htdocs\ferropedia\index.php (22)
2017/07/17 17:26:28 [trace] [system.CModule] Loading "coreMessages" application component
in C:\xampp\htdocs\ferropedia\index.php (22)
2017/07/17 17:26:28 [trace] [system.CModule] Loading "db" application component
in C:\xampp\htdocs\ferropedia\protected\models\Jugador.php (24)
in C:\xampp\htdocs\ferropedia\wordpress\wp-content\themes\news-maxx\library\templates\layout-blog-1.php (129)
in C:\xampp\htdocs\ferropedia\wordpress\wp-includes\template.php (686)
2017/07/17 17:26:28 [trace] [system.db.CDbConnection] Opening DB connection
in C:\xampp\htdocs\ferropedia\protected\models\Jugador.php (24)
in C:\xampp\htdocs\ferropedia\wordpress\wp-content\themes\news-maxx\library\templates\layout-blog-1.php (129)
in C:\xampp\htdocs\ferropedia\wordpress\wp-includes\template.php (686)
2017/07/17 17:26:28 [trace] [system.db.CDbCommand] Querying SQL: SHOW FULL COLUMNS FROM `tbl_jugador`
in C:\xampp\htdocs\ferropedia\protected\models\Jugador.php (24)
in C:\xampp\htdocs\ferropedia\wordpress\wp-content\themes\news-maxx\library\templates\layout-blog-1.php (129)
in C:\xampp\htdocs\ferropedia\wordpress\wp-includes\template.php (686)
2017/07/17 17:26:28 [trace] [system.db.CDbCommand] Querying SQL: SHOW CREATE TABLE `tbl_jugador`
in C:\xampp\htdocs\ferropedia\protected\models\Jugador.php (24)
in C:\xampp\htdocs\ferropedia\wordpress\wp-content\themes\news-maxx\library\templates\layout-blog-1.php (129)
in C:\xampp\htdocs\ferropedia\wordpress\wp-includes\template.php (686)
2017/07/17 17:26:28 [trace] [system.db.ar.CActiveRecord] Jugador.findByPk()
in C:\xampp\htdocs\ferropedia\wordpress\wp-content\themes\news-maxx\library\templates\layout-blog-1.php (129)
in C:\xampp\htdocs\ferropedia\wordpress\wp-includes\template.php (686)
in C:\xampp\htdocs\ferropedia\wordpress\wp-includes\template.php (643)
2017/07/17 17:26:28 [trace] [system.db.CDbCommand] Querying SQL: SELECT * FROM `tbl_jugador` `t` WHERE `t`.`id`=26 LIMIT 1
in C:\xampp\htdocs\ferropedia\wordpress\wp-content\themes\news-maxx\library\templates\layout-blog-1.php (129)
in C:\xampp\htdocs\ferropedia\wordpress\wp-includes\template.php (686)
in C:\xampp\htdocs\ferropedia\wordpress\wp-includes\template.php (643)
2017/07/17 17:26:28 [trace] [system.db.ar.CActiveRecord] lazy loading Jugador.data
in C:\xampp\htdocs\ferropedia\wordpress\wp-content\themes\news-maxx\library\templates\layout-blog-1.php (140)
in C:\xampp\htdocs\ferropedia\wordpress\wp-includes\template.php (686)
in C:\xampp\htdocs\ferropedia\wordpress\wp-includes\template.php (643)
2017/07/17 17:26:28 [trace] [system.db.CDbCommand] Querying SQL: SHOW FULL COLUMNS FROM `tbl_data_extra`
in C:\xampp\htdocs\ferropedia\wordpress\wp-content\themes\news-maxx\library\templates\layout-blog-1.php (140)
in C:\xampp\htdocs\ferropedia\wordpress\wp-includes\template.php (686)
in C:\xampp\htdocs\ferropedia\wordpress\wp-includes\template.php (643)
2017/07/17 17:26:28 [trace] [system.db.CDbCommand] Querying SQL: SHOW CREATE TABLE `tbl_data_extra`
in C:\xampp\htdocs\ferropedia\wordpress\wp-content\themes\news-maxx\library\templates\layout-blog-1.php (140)
in C:\xampp\htdocs\ferropedia\wordpress\wp-includes\template.php (686)
in C:\xampp\htdocs\ferropedia\wordpress\wp-includes\template.php (643)
2017/07/17 17:26:28 [trace] [system.db.CDbCommand] Querying SQL: SELECT `data`.`id` AS `t1_c0`, `data`.`model` AS `t1_c1`, `data`.`modelId` AS `t1_c2`, `data`.`titulo` AS `t1_c3`, `data`.`texto` AS `t1_c4` FROM `tbl_data_extra` `data`  WHERE (model = 'Jugador') AND (`data`.`modelId`=:ypl0)
in C:\xampp\htdocs\ferropedia\wordpress\wp-content\themes\news-maxx\library\templates\layout-blog-1.php (140)
in C:\xampp\htdocs\ferropedia\wordpress\wp-includes\template.php (686)
in C:\xampp\htdocs\ferropedia\wordpress\wp-includes\template.php (643)
2017/07/17 17:26:28 [trace] [system.db.ar.CActiveRecord] Jugador.findAll()
in C:\xampp\htdocs\ferropedia\wordpress\wp-content\themes\news-maxx\library\templates\layout-blog-1.php (188)
in C:\xampp\htdocs\ferropedia\wordpress\wp-includes\template.php (686)
in C:\xampp\htdocs\ferropedia\wordpress\wp-includes\template.php (643)
2017/07/17 17:26:28 [trace] [system.db.CDbCommand] Querying SQL: SELECT * FROM `tbl_jugador` `t` WHERE id != 26 ORDER BY RAND() LIMIT 2
in C:\xampp\htdocs\ferropedia\wordpress\wp-content\themes\news-maxx\library\templates\layout-blog-1.php (188)
in C:\xampp\htdocs\ferropedia\wordpress\wp-includes\template.php (686)
in C:\xampp\htdocs\ferropedia\wordpress\wp-includes\template.php (643)
2017/07/17 17:26:29 [trace] [system.CModule] Loading "clientScript" application component
in C:\xampp\htdocs\ferropedia\protected\controllers\WpController.php (8)
in C:\xampp\htdocs\ferropedia\protected\components\ExceptionHandler.php (21)
2017/07/17 17:26:29 [trace] [system.CModule] Loading "log" application component
in C:\xampp\htdocs\ferropedia\index.php (22)
2017/07/17 17:26:29 [trace] [system.CModule] Loading "request" application component
in C:\xampp\htdocs\ferropedia\index.php (22)
2017/07/17 17:26:29 [trace] [system.CModule] Loading "urlManager" application component
in C:\xampp\htdocs\ferropedia\index.php (22)
2017/07/17 17:26:29 [trace] [system.CModule] Loading "coreMessages" application component
in C:\xampp\htdocs\ferropedia\index.php (22)
2017/07/17 17:26:29 [trace] [system.CModule] Loading "db" application component
in C:\xampp\htdocs\ferropedia\protected\models\Jugador.php (24)
in C:\xampp\htdocs\ferropedia\wordpress\wp-content\themes\news-maxx\library\templates\layout-blog-1.php (129)
in C:\xampp\htdocs\ferropedia\wordpress\wp-includes\template.php (686)
2017/07/17 17:26:29 [trace] [system.db.CDbConnection] Opening DB connection
in C:\xampp\htdocs\ferropedia\protected\models\Jugador.php (24)
in C:\xampp\htdocs\ferropedia\wordpress\wp-content\themes\news-maxx\library\templates\layout-blog-1.php (129)
in C:\xampp\htdocs\ferropedia\wordpress\wp-includes\template.php (686)
2017/07/17 17:26:29 [trace] [system.db.CDbCommand] Querying SQL: SHOW FULL COLUMNS FROM `tbl_jugador`
in C:\xampp\htdocs\ferropedia\protected\models\Jugador.php (24)
in C:\xampp\htdocs\ferropedia\wordpress\wp-content\themes\news-maxx\library\templates\layout-blog-1.php (129)
in C:\xampp\htdocs\ferropedia\wordpress\wp-includes\template.php (686)
2017/07/17 17:26:29 [trace] [system.db.CDbCommand] Querying SQL: SHOW CREATE TABLE `tbl_jugador`
in C:\xampp\htdocs\ferropedia\protected\models\Jugador.php (24)
in C:\xampp\htdocs\ferropedia\wordpress\wp-content\themes\news-maxx\library\templates\layout-blog-1.php (129)
in C:\xampp\htdocs\ferropedia\wordpress\wp-includes\template.php (686)
2017/07/17 17:26:29 [trace] [system.db.ar.CActiveRecord] Jugador.findByPk()
in C:\xampp\htdocs\ferropedia\wordpress\wp-content\themes\news-maxx\library\templates\layout-blog-1.php (129)
in C:\xampp\htdocs\ferropedia\wordpress\wp-includes\template.php (686)
in C:\xampp\htdocs\ferropedia\wordpress\wp-includes\template.php (643)
2017/07/17 17:26:29 [trace] [system.db.CDbCommand] Querying SQL: SELECT * FROM `tbl_jugador` `t` WHERE `t`.`id`=26 LIMIT 1
in C:\xampp\htdocs\ferropedia\wordpress\wp-content\themes\news-maxx\library\templates\layout-blog-1.php (129)
in C:\xampp\htdocs\ferropedia\wordpress\wp-includes\template.php (686)
in C:\xampp\htdocs\ferropedia\wordpress\wp-includes\template.php (643)
2017/07/17 17:26:29 [trace] [system.db.ar.CActiveRecord] lazy loading Jugador.data
in C:\xampp\htdocs\ferropedia\wordpress\wp-content\themes\news-maxx\library\templates\layout-blog-1.php (140)
in C:\xampp\htdocs\ferropedia\wordpress\wp-includes\template.php (686)
in C:\xampp\htdocs\ferropedia\wordpress\wp-includes\template.php (643)
2017/07/17 17:26:29 [trace] [system.db.CDbCommand] Querying SQL: SHOW FULL COLUMNS FROM `tbl_data_extra`
in C:\xampp\htdocs\ferropedia\wordpress\wp-content\themes\news-maxx\library\templates\layout-blog-1.php (140)
in C:\xampp\htdocs\ferropedia\wordpress\wp-includes\template.php (686)
in C:\xampp\htdocs\ferropedia\wordpress\wp-includes\template.php (643)
2017/07/17 17:26:29 [trace] [system.db.CDbCommand] Querying SQL: SHOW CREATE TABLE `tbl_data_extra`
in C:\xampp\htdocs\ferropedia\wordpress\wp-content\themes\news-maxx\library\templates\layout-blog-1.php (140)
in C:\xampp\htdocs\ferropedia\wordpress\wp-includes\template.php (686)
in C:\xampp\htdocs\ferropedia\wordpress\wp-includes\template.php (643)
2017/07/17 17:26:29 [trace] [system.db.CDbCommand] Querying SQL: SELECT `data`.`id` AS `t1_c0`, `data`.`model` AS `t1_c1`, `data`.`modelId` AS `t1_c2`, `data`.`titulo` AS `t1_c3`, `data`.`texto` AS `t1_c4` FROM `tbl_data_extra` `data`  WHERE (model = 'Jugador') AND (`data`.`modelId`=:ypl0)
in C:\xampp\htdocs\ferropedia\wordpress\wp-content\themes\news-maxx\library\templates\layout-blog-1.php (140)
in C:\xampp\htdocs\ferropedia\wordpress\wp-includes\template.php (686)
in C:\xampp\htdocs\ferropedia\wordpress\wp-includes\template.php (643)
2017/07/17 17:26:29 [trace] [system.db.ar.CActiveRecord] Jugador.findAll()
in C:\xampp\htdocs\ferropedia\wordpress\wp-content\themes\news-maxx\library\templates\layout-blog-1.php (188)
in C:\xampp\htdocs\ferropedia\wordpress\wp-includes\template.php (686)
in C:\xampp\htdocs\ferropedia\wordpress\wp-includes\template.php (643)
2017/07/17 17:26:29 [trace] [system.db.CDbCommand] Querying SQL: SELECT * FROM `tbl_jugador` `t` WHERE id != 26 ORDER BY RAND() LIMIT 2
in C:\xampp\htdocs\ferropedia\wordpress\wp-content\themes\news-maxx\library\templates\layout-blog-1.php (188)
in C:\xampp\htdocs\ferropedia\wordpress\wp-includes\template.php (686)
in C:\xampp\htdocs\ferropedia\wordpress\wp-includes\template.php (643)
2017/07/17 17:26:30 [trace] [system.CModule] Loading "clientScript" application component
in C:\xampp\htdocs\ferropedia\protected\controllers\WpController.php (8)
in C:\xampp\htdocs\ferropedia\protected\components\ExceptionHandler.php (21)
2017/07/17 17:27:17 [trace] [system.CModule] Loading "log" application component
in C:\xampp\htdocs\ferropedia\index.php (22)
2017/07/17 17:27:17 [trace] [system.CModule] Loading "request" application component
in C:\xampp\htdocs\ferropedia\index.php (22)
2017/07/17 17:27:17 [trace] [system.CModule] Loading "urlManager" application component
in C:\xampp\htdocs\ferropedia\index.php (22)
2017/07/17 17:27:17 [trace] [system.CModule] Loading "coreMessages" application component
in C:\xampp\htdocs\ferropedia\index.php (22)
2017/07/17 17:27:17 [trace] [system.CModule] Loading "db" application component
in C:\xampp\htdocs\ferropedia\protected\models\Jugador.php (24)
in C:\xampp\htdocs\ferropedia\wordpress\wp-content\themes\news-maxx\library\templates\layout-blog-1.php (129)
in C:\xampp\htdocs\ferropedia\wordpress\wp-includes\template.php (686)
2017/07/17 17:27:17 [trace] [system.db.CDbConnection] Opening DB connection
in C:\xampp\htdocs\ferropedia\protected\models\Jugador.php (24)
in C:\xampp\htdocs\ferropedia\wordpress\wp-content\themes\news-maxx\library\templates\layout-blog-1.php (129)
in C:\xampp\htdocs\ferropedia\wordpress\wp-includes\template.php (686)
2017/07/17 17:27:17 [trace] [system.db.CDbCommand] Querying SQL: SHOW FULL COLUMNS FROM `tbl_jugador`
in C:\xampp\htdocs\ferropedia\protected\models\Jugador.php (24)
in C:\xampp\htdocs\ferropedia\wordpress\wp-content\themes\news-maxx\library\templates\layout-blog-1.php (129)
in C:\xampp\htdocs\ferropedia\wordpress\wp-includes\template.php (686)
2017/07/17 17:27:17 [trace] [system.db.CDbCommand] Querying SQL: SHOW CREATE TABLE `tbl_jugador`
in C:\xampp\htdocs\ferropedia\protected\models\Jugador.php (24)
in C:\xampp\htdocs\ferropedia\wordpress\wp-content\themes\news-maxx\library\templates\layout-blog-1.php (129)
in C:\xampp\htdocs\ferropedia\wordpress\wp-includes\template.php (686)
2017/07/17 17:27:17 [trace] [system.db.ar.CActiveRecord] Jugador.findByPk()
in C:\xampp\htdocs\ferropedia\wordpress\wp-content\themes\news-maxx\library\templates\layout-blog-1.php (129)
in C:\xampp\htdocs\ferropedia\wordpress\wp-includes\template.php (686)
in C:\xampp\htdocs\ferropedia\wordpress\wp-includes\template.php (643)
2017/07/17 17:27:17 [trace] [system.db.CDbCommand] Querying SQL: SELECT * FROM `tbl_jugador` `t` WHERE `t`.`id`=26 LIMIT 1
in C:\xampp\htdocs\ferropedia\wordpress\wp-content\themes\news-maxx\library\templates\layout-blog-1.php (129)
in C:\xampp\htdocs\ferropedia\wordpress\wp-includes\template.php (686)
in C:\xampp\htdocs\ferropedia\wordpress\wp-includes\template.php (643)
2017/07/17 17:27:17 [trace] [system.db.ar.CActiveRecord] lazy loading Jugador.data
in C:\xampp\htdocs\ferropedia\wordpress\wp-content\themes\news-maxx\library\templates\layout-blog-1.php (140)
in C:\xampp\htdocs\ferropedia\wordpress\wp-includes\template.php (686)
in C:\xampp\htdocs\ferropedia\wordpress\wp-includes\template.php (643)
2017/07/17 17:27:17 [trace] [system.db.CDbCommand] Querying SQL: SHOW FULL COLUMNS FROM `tbl_data_extra`
in C:\xampp\htdocs\ferropedia\wordpress\wp-content\themes\news-maxx\library\templates\layout-blog-1.php (140)
in C:\xampp\htdocs\ferropedia\wordpress\wp-includes\template.php (686)
in C:\xampp\htdocs\ferropedia\wordpress\wp-includes\template.php (643)
2017/07/17 17:27:17 [trace] [system.db.CDbCommand] Querying SQL: SHOW CREATE TABLE `tbl_data_extra`
in C:\xampp\htdocs\ferropedia\wordpress\wp-content\themes\news-maxx\library\templates\layout-blog-1.php (140)
in C:\xampp\htdocs\ferropedia\wordpress\wp-includes\template.php (686)
in C:\xampp\htdocs\ferropedia\wordpress\wp-includes\template.php (643)
2017/07/17 17:27:17 [trace] [system.db.CDbCommand] Querying SQL: SELECT `data`.`id` AS `t1_c0`, `data`.`model` AS `t1_c1`, `data`.`modelId` AS `t1_c2`, `data`.`titulo` AS `t1_c3`, `data`.`texto` AS `t1_c4` FROM `tbl_data_extra` `data`  WHERE (model = 'Jugador') AND (`data`.`modelId`=:ypl0)
in C:\xampp\htdocs\ferropedia\wordpress\wp-content\themes\news-maxx\library\templates\layout-blog-1.php (140)
in C:\xampp\htdocs\ferropedia\wordpress\wp-includes\template.php (686)
in C:\xampp\htdocs\ferropedia\wordpress\wp-includes\template.php (643)
2017/07/17 17:27:17 [trace] [system.db.ar.CActiveRecord] Jugador.findAll()
in C:\xampp\htdocs\ferropedia\wordpress\wp-content\themes\news-maxx\library\templates\layout-blog-1.php (188)
in C:\xampp\htdocs\ferropedia\wordpress\wp-includes\template.php (686)
in C:\xampp\htdocs\ferropedia\wordpress\wp-includes\template.php (643)
2017/07/17 17:27:17 [trace] [system.db.CDbCommand] Querying SQL: SELECT * FROM `tbl_jugador` `t` WHERE id != 26 ORDER BY RAND() LIMIT 2
in C:\xampp\htdocs\ferropedia\wordpress\wp-content\themes\news-maxx\library\templates\layout-blog-1.php (188)
in C:\xampp\htdocs\ferropedia\wordpress\wp-includes\template.php (686)
in C:\xampp\htdocs\ferropedia\wordpress\wp-includes\template.php (643)
2017/07/17 17:27:18 [trace] [system.CModule] Loading "clientScript" application component
in C:\xampp\htdocs\ferropedia\protected\controllers\WpController.php (8)
in C:\xampp\htdocs\ferropedia\protected\components\ExceptionHandler.php (21)
2017/07/17 17:27:18 [trace] [system.CModule] Loading "log" application component
in C:\xampp\htdocs\ferropedia\index.php (22)
2017/07/17 17:27:18 [trace] [system.CModule] Loading "request" application component
in C:\xampp\htdocs\ferropedia\index.php (22)
2017/07/17 17:27:18 [trace] [system.CModule] Loading "urlManager" application component
in C:\xampp\htdocs\ferropedia\index.php (22)
2017/07/17 17:27:18 [trace] [system.CModule] Loading "coreMessages" application component
in C:\xampp\htdocs\ferropedia\index.php (22)
2017/07/17 17:27:18 [trace] [system.CModule] Loading "db" application component
in C:\xampp\htdocs\ferropedia\protected\models\Jugador.php (24)
in C:\xampp\htdocs\ferropedia\wordpress\wp-content\themes\news-maxx\library\templates\layout-blog-1.php (129)
in C:\xampp\htdocs\ferropedia\wordpress\wp-includes\template.php (686)
2017/07/17 17:27:18 [trace] [system.db.CDbConnection] Opening DB connection
in C:\xampp\htdocs\ferropedia\protected\models\Jugador.php (24)
in C:\xampp\htdocs\ferropedia\wordpress\wp-content\themes\news-maxx\library\templates\layout-blog-1.php (129)
in C:\xampp\htdocs\ferropedia\wordpress\wp-includes\template.php (686)
2017/07/17 17:27:18 [trace] [system.db.CDbCommand] Querying SQL: SHOW FULL COLUMNS FROM `tbl_jugador`
in C:\xampp\htdocs\ferropedia\protected\models\Jugador.php (24)
in C:\xampp\htdocs\ferropedia\wordpress\wp-content\themes\news-maxx\library\templates\layout-blog-1.php (129)
in C:\xampp\htdocs\ferropedia\wordpress\wp-includes\template.php (686)
2017/07/17 17:27:18 [trace] [system.db.CDbCommand] Querying SQL: SHOW CREATE TABLE `tbl_jugador`
in C:\xampp\htdocs\ferropedia\protected\models\Jugador.php (24)
in C:\xampp\htdocs\ferropedia\wordpress\wp-content\themes\news-maxx\library\templates\layout-blog-1.php (129)
in C:\xampp\htdocs\ferropedia\wordpress\wp-includes\template.php (686)
2017/07/17 17:27:18 [trace] [system.db.ar.CActiveRecord] Jugador.findByPk()
in C:\xampp\htdocs\ferropedia\wordpress\wp-content\themes\news-maxx\library\templates\layout-blog-1.php (129)
in C:\xampp\htdocs\ferropedia\wordpress\wp-includes\template.php (686)
in C:\xampp\htdocs\ferropedia\wordpress\wp-includes\template.php (643)
2017/07/17 17:27:18 [trace] [system.db.CDbCommand] Querying SQL: SELECT * FROM `tbl_jugador` `t` WHERE `t`.`id`=26 LIMIT 1
in C:\xampp\htdocs\ferropedia\wordpress\wp-content\themes\news-maxx\library\templates\layout-blog-1.php (129)
in C:\xampp\htdocs\ferropedia\wordpress\wp-includes\template.php (686)
in C:\xampp\htdocs\ferropedia\wordpress\wp-includes\template.php (643)
2017/07/17 17:27:18 [trace] [system.db.ar.CActiveRecord] lazy loading Jugador.data
in C:\xampp\htdocs\ferropedia\wordpress\wp-content\themes\news-maxx\library\templates\layout-blog-1.php (140)
in C:\xampp\htdocs\ferropedia\wordpress\wp-includes\template.php (686)
in C:\xampp\htdocs\ferropedia\wordpress\wp-includes\template.php (643)
2017/07/17 17:27:18 [trace] [system.db.CDbCommand] Querying SQL: SHOW FULL COLUMNS FROM `tbl_data_extra`
in C:\xampp\htdocs\ferropedia\wordpress\wp-content\themes\news-maxx\library\templates\layout-blog-1.php (140)
in C:\xampp\htdocs\ferropedia\wordpress\wp-includes\template.php (686)
in C:\xampp\htdocs\ferropedia\wordpress\wp-includes\template.php (643)
2017/07/17 17:27:18 [trace] [system.db.CDbCommand] Querying SQL: SHOW CREATE TABLE `tbl_data_extra`
in C:\xampp\htdocs\ferropedia\wordpress\wp-content\themes\news-maxx\library\templates\layout-blog-1.php (140)
in C:\xampp\htdocs\ferropedia\wordpress\wp-includes\template.php (686)
in C:\xampp\htdocs\ferropedia\wordpress\wp-includes\template.php (643)
2017/07/17 17:27:18 [trace] [system.db.CDbCommand] Querying SQL: SELECT `data`.`id` AS `t1_c0`, `data`.`model` AS `t1_c1`, `data`.`modelId` AS `t1_c2`, `data`.`titulo` AS `t1_c3`, `data`.`texto` AS `t1_c4` FROM `tbl_data_extra` `data`  WHERE (model = 'Jugador') AND (`data`.`modelId`=:ypl0)
in C:\xampp\htdocs\ferropedia\wordpress\wp-content\themes\news-maxx\library\templates\layout-blog-1.php (140)
in C:\xampp\htdocs\ferropedia\wordpress\wp-includes\template.php (686)
in C:\xampp\htdocs\ferropedia\wordpress\wp-includes\template.php (643)
2017/07/17 17:27:18 [trace] [system.db.ar.CActiveRecord] Jugador.findAll()
in C:\xampp\htdocs\ferropedia\wordpress\wp-content\themes\news-maxx\library\templates\layout-blog-1.php (188)
in C:\xampp\htdocs\ferropedia\wordpress\wp-includes\template.php (686)
in C:\xampp\htdocs\ferropedia\wordpress\wp-includes\template.php (643)
2017/07/17 17:27:18 [trace] [system.db.CDbCommand] Querying SQL: SELECT * FROM `tbl_jugador` `t` WHERE id != 26 ORDER BY RAND() LIMIT 2
in C:\xampp\htdocs\ferropedia\wordpress\wp-content\themes\news-maxx\library\templates\layout-blog-1.php (188)
in C:\xampp\htdocs\ferropedia\wordpress\wp-includes\template.php (686)
in C:\xampp\htdocs\ferropedia\wordpress\wp-includes\template.php (643)
2017/07/17 17:27:19 [trace] [system.CModule] Loading "clientScript" application component
in C:\xampp\htdocs\ferropedia\protected\controllers\WpController.php (8)
in C:\xampp\htdocs\ferropedia\protected\components\ExceptionHandler.php (21)
2017/07/17 17:30:27 [trace] [system.CModule] Loading "log" application component
in C:\xampp\htdocs\ferropedia\index.php (22)
2017/07/17 17:30:27 [trace] [system.CModule] Loading "request" application component
in C:\xampp\htdocs\ferropedia\index.php (22)
2017/07/17 17:30:27 [trace] [system.CModule] Loading "urlManager" application component
in C:\xampp\htdocs\ferropedia\index.php (22)
2017/07/17 17:30:27 [trace] [system.CModule] Loading "coreMessages" application component
in C:\xampp\htdocs\ferropedia\index.php (22)
2017/07/17 17:30:27 [trace] [system.CModule] Loading "db" application component
in C:\xampp\htdocs\ferropedia\protected\models\Jugador.php (24)
in C:\xampp\htdocs\ferropedia\wordpress\wp-content\themes\news-maxx\library\templates\layout-blog-1.php (129)
in C:\xampp\htdocs\ferropedia\wordpress\wp-includes\template.php (686)
2017/07/17 17:30:27 [trace] [system.db.CDbConnection] Opening DB connection
in C:\xampp\htdocs\ferropedia\protected\models\Jugador.php (24)
in C:\xampp\htdocs\ferropedia\wordpress\wp-content\themes\news-maxx\library\templates\layout-blog-1.php (129)
in C:\xampp\htdocs\ferropedia\wordpress\wp-includes\template.php (686)
2017/07/17 17:30:27 [trace] [system.db.CDbCommand] Querying SQL: SHOW FULL COLUMNS FROM `tbl_jugador`
in C:\xampp\htdocs\ferropedia\protected\models\Jugador.php (24)
in C:\xampp\htdocs\ferropedia\wordpress\wp-content\themes\news-maxx\library\templates\layout-blog-1.php (129)
in C:\xampp\htdocs\ferropedia\wordpress\wp-includes\template.php (686)
2017/07/17 17:30:27 [trace] [system.db.CDbCommand] Querying SQL: SHOW CREATE TABLE `tbl_jugador`
in C:\xampp\htdocs\ferropedia\protected\models\Jugador.php (24)
in C:\xampp\htdocs\ferropedia\wordpress\wp-content\themes\news-maxx\library\templates\layout-blog-1.php (129)
in C:\xampp\htdocs\ferropedia\wordpress\wp-includes\template.php (686)
2017/07/17 17:30:27 [trace] [system.db.ar.CActiveRecord] Jugador.findByPk()
in C:\xampp\htdocs\ferropedia\wordpress\wp-content\themes\news-maxx\library\templates\layout-blog-1.php (129)
in C:\xampp\htdocs\ferropedia\wordpress\wp-includes\template.php (686)
in C:\xampp\htdocs\ferropedia\wordpress\wp-includes\template.php (643)
2017/07/17 17:30:27 [trace] [system.db.CDbCommand] Querying SQL: SELECT * FROM `tbl_jugador` `t` WHERE `t`.`id`=26 LIMIT 1
in C:\xampp\htdocs\ferropedia\wordpress\wp-content\themes\news-maxx\library\templates\layout-blog-1.php (129)
in C:\xampp\htdocs\ferropedia\wordpress\wp-includes\template.php (686)
in C:\xampp\htdocs\ferropedia\wordpress\wp-includes\template.php (643)
2017/07/17 17:30:27 [trace] [system.db.ar.CActiveRecord] lazy loading Jugador.data
in C:\xampp\htdocs\ferropedia\wordpress\wp-content\themes\news-maxx\library\templates\layout-blog-1.php (140)
in C:\xampp\htdocs\ferropedia\wordpress\wp-includes\template.php (686)
in C:\xampp\htdocs\ferropedia\wordpress\wp-includes\template.php (643)
2017/07/17 17:30:27 [trace] [system.db.CDbCommand] Querying SQL: SHOW FULL COLUMNS FROM `tbl_data_extra`
in C:\xampp\htdocs\ferropedia\wordpress\wp-content\themes\news-maxx\library\templates\layout-blog-1.php (140)
in C:\xampp\htdocs\ferropedia\wordpress\wp-includes\template.php (686)
in C:\xampp\htdocs\ferropedia\wordpress\wp-includes\template.php (643)
2017/07/17 17:30:27 [trace] [system.db.CDbCommand] Querying SQL: SHOW CREATE TABLE `tbl_data_extra`
in C:\xampp\htdocs\ferropedia\wordpress\wp-content\themes\news-maxx\library\templates\layout-blog-1.php (140)
in C:\xampp\htdocs\ferropedia\wordpress\wp-includes\template.php (686)
in C:\xampp\htdocs\ferropedia\wordpress\wp-includes\template.php (643)
2017/07/17 17:30:27 [trace] [system.db.CDbCommand] Querying SQL: SELECT `data`.`id` AS `t1_c0`, `data`.`model` AS `t1_c1`, `data`.`modelId` AS `t1_c2`, `data`.`titulo` AS `t1_c3`, `data`.`texto` AS `t1_c4` FROM `tbl_data_extra` `data`  WHERE (model = 'Jugador') AND (`data`.`modelId`=:ypl0)
in C:\xampp\htdocs\ferropedia\wordpress\wp-content\themes\news-maxx\library\templates\layout-blog-1.php (140)
in C:\xampp\htdocs\ferropedia\wordpress\wp-includes\template.php (686)
in C:\xampp\htdocs\ferropedia\wordpress\wp-includes\template.php (643)
2017/07/17 17:30:27 [trace] [system.db.ar.CActiveRecord] Jugador.findAll()
in C:\xampp\htdocs\ferropedia\wordpress\wp-content\themes\news-maxx\library\templates\layout-blog-1.php (188)
in C:\xampp\htdocs\ferropedia\wordpress\wp-includes\template.php (686)
in C:\xampp\htdocs\ferropedia\wordpress\wp-includes\template.php (643)
2017/07/17 17:30:27 [trace] [system.db.CDbCommand] Querying SQL: SELECT * FROM `tbl_jugador` `t` WHERE id != 26 ORDER BY RAND() LIMIT 2
in C:\xampp\htdocs\ferropedia\wordpress\wp-content\themes\news-maxx\library\templates\layout-blog-1.php (188)
in C:\xampp\htdocs\ferropedia\wordpress\wp-includes\template.php (686)
in C:\xampp\htdocs\ferropedia\wordpress\wp-includes\template.php (643)
2017/07/17 17:30:28 [trace] [system.CModule] Loading "clientScript" application component
in C:\xampp\htdocs\ferropedia\protected\controllers\WpController.php (8)
in C:\xampp\htdocs\ferropedia\protected\components\ExceptionHandler.php (21)
2017/07/17 17:30:28 [trace] [system.CModule] Loading "log" application component
in C:\xampp\htdocs\ferropedia\index.php (22)
2017/07/17 17:30:28 [trace] [system.CModule] Loading "request" application component
in C:\xampp\htdocs\ferropedia\index.php (22)
2017/07/17 17:30:28 [trace] [system.CModule] Loading "urlManager" application component
in C:\xampp\htdocs\ferropedia\index.php (22)
2017/07/17 17:30:28 [trace] [system.CModule] Loading "coreMessages" application component
in C:\xampp\htdocs\ferropedia\index.php (22)
2017/07/17 17:30:28 [trace] [system.CModule] Loading "db" application component
in C:\xampp\htdocs\ferropedia\protected\models\Jugador.php (24)
in C:\xampp\htdocs\ferropedia\wordpress\wp-content\themes\news-maxx\library\templates\layout-blog-1.php (129)
in C:\xampp\htdocs\ferropedia\wordpress\wp-includes\template.php (686)
2017/07/17 17:30:28 [trace] [system.db.CDbConnection] Opening DB connection
in C:\xampp\htdocs\ferropedia\protected\models\Jugador.php (24)
in C:\xampp\htdocs\ferropedia\wordpress\wp-content\themes\news-maxx\library\templates\layout-blog-1.php (129)
in C:\xampp\htdocs\ferropedia\wordpress\wp-includes\template.php (686)
2017/07/17 17:30:28 [trace] [system.db.CDbCommand] Querying SQL: SHOW FULL COLUMNS FROM `tbl_jugador`
in C:\xampp\htdocs\ferropedia\protected\models\Jugador.php (24)
in C:\xampp\htdocs\ferropedia\wordpress\wp-content\themes\news-maxx\library\templates\layout-blog-1.php (129)
in C:\xampp\htdocs\ferropedia\wordpress\wp-includes\template.php (686)
2017/07/17 17:30:28 [trace] [system.db.CDbCommand] Querying SQL: SHOW CREATE TABLE `tbl_jugador`
in C:\xampp\htdocs\ferropedia\protected\models\Jugador.php (24)
in C:\xampp\htdocs\ferropedia\wordpress\wp-content\themes\news-maxx\library\templates\layout-blog-1.php (129)
in C:\xampp\htdocs\ferropedia\wordpress\wp-includes\template.php (686)
2017/07/17 17:30:28 [trace] [system.db.ar.CActiveRecord] Jugador.findByPk()
in C:\xampp\htdocs\ferropedia\wordpress\wp-content\themes\news-maxx\library\templates\layout-blog-1.php (129)
in C:\xampp\htdocs\ferropedia\wordpress\wp-includes\template.php (686)
in C:\xampp\htdocs\ferropedia\wordpress\wp-includes\template.php (643)
2017/07/17 17:30:28 [trace] [system.db.CDbCommand] Querying SQL: SELECT * FROM `tbl_jugador` `t` WHERE `t`.`id`=26 LIMIT 1
in C:\xampp\htdocs\ferropedia\wordpress\wp-content\themes\news-maxx\library\templates\layout-blog-1.php (129)
in C:\xampp\htdocs\ferropedia\wordpress\wp-includes\template.php (686)
in C:\xampp\htdocs\ferropedia\wordpress\wp-includes\template.php (643)
2017/07/17 17:30:28 [trace] [system.db.ar.CActiveRecord] lazy loading Jugador.data
in C:\xampp\htdocs\ferropedia\wordpress\wp-content\themes\news-maxx\library\templates\layout-blog-1.php (140)
in C:\xampp\htdocs\ferropedia\wordpress\wp-includes\template.php (686)
in C:\xampp\htdocs\ferropedia\wordpress\wp-includes\template.php (643)
2017/07/17 17:30:28 [trace] [system.db.CDbCommand] Querying SQL: SHOW FULL COLUMNS FROM `tbl_data_extra`
in C:\xampp\htdocs\ferropedia\wordpress\wp-content\themes\news-maxx\library\templates\layout-blog-1.php (140)
in C:\xampp\htdocs\ferropedia\wordpress\wp-includes\template.php (686)
in C:\xampp\htdocs\ferropedia\wordpress\wp-includes\template.php (643)
2017/07/17 17:30:28 [trace] [system.db.CDbCommand] Querying SQL: SHOW CREATE TABLE `tbl_data_extra`
in C:\xampp\htdocs\ferropedia\wordpress\wp-content\themes\news-maxx\library\templates\layout-blog-1.php (140)
in C:\xampp\htdocs\ferropedia\wordpress\wp-includes\template.php (686)
in C:\xampp\htdocs\ferropedia\wordpress\wp-includes\template.php (643)
2017/07/17 17:30:28 [trace] [system.db.CDbCommand] Querying SQL: SELECT `data`.`id` AS `t1_c0`, `data`.`model` AS `t1_c1`, `data`.`modelId` AS `t1_c2`, `data`.`titulo` AS `t1_c3`, `data`.`texto` AS `t1_c4` FROM `tbl_data_extra` `data`  WHERE (model = 'Jugador') AND (`data`.`modelId`=:ypl0)
in C:\xampp\htdocs\ferropedia\wordpress\wp-content\themes\news-maxx\library\templates\layout-blog-1.php (140)
in C:\xampp\htdocs\ferropedia\wordpress\wp-includes\template.php (686)
in C:\xampp\htdocs\ferropedia\wordpress\wp-includes\template.php (643)
2017/07/17 17:30:28 [trace] [system.db.ar.CActiveRecord] Jugador.findAll()
in C:\xampp\htdocs\ferropedia\wordpress\wp-content\themes\news-maxx\library\templates\layout-blog-1.php (188)
in C:\xampp\htdocs\ferropedia\wordpress\wp-includes\template.php (686)
in C:\xampp\htdocs\ferropedia\wordpress\wp-includes\template.php (643)
2017/07/17 17:30:28 [trace] [system.db.CDbCommand] Querying SQL: SELECT * FROM `tbl_jugador` `t` WHERE id != 26 ORDER BY RAND() LIMIT 2
in C:\xampp\htdocs\ferropedia\wordpress\wp-content\themes\news-maxx\library\templates\layout-blog-1.php (188)
in C:\xampp\htdocs\ferropedia\wordpress\wp-includes\template.php (686)
in C:\xampp\htdocs\ferropedia\wordpress\wp-includes\template.php (643)
2017/07/17 17:30:29 [trace] [system.CModule] Loading "clientScript" application component
in C:\xampp\htdocs\ferropedia\protected\controllers\WpController.php (8)
in C:\xampp\htdocs\ferropedia\protected\components\ExceptionHandler.php (21)
2017/07/17 17:30:46 [trace] [system.CModule] Loading "log" application component
in C:\xampp\htdocs\ferropedia\index.php (22)
2017/07/17 17:30:46 [trace] [system.CModule] Loading "request" application component
in C:\xampp\htdocs\ferropedia\index.php (22)
2017/07/17 17:30:46 [trace] [system.CModule] Loading "urlManager" application component
in C:\xampp\htdocs\ferropedia\index.php (22)
2017/07/17 17:30:46 [trace] [system.CModule] Loading "coreMessages" application component
in C:\xampp\htdocs\ferropedia\index.php (22)
2017/07/17 17:30:46 [trace] [system.CModule] Loading "db" application component
in C:\xampp\htdocs\ferropedia\protected\models\Jugador.php (24)
in C:\xampp\htdocs\ferropedia\wordpress\wp-content\themes\news-maxx\library\templates\layout-blog-1.php (129)
in C:\xampp\htdocs\ferropedia\wordpress\wp-includes\template.php (686)
2017/07/17 17:30:46 [trace] [system.db.CDbConnection] Opening DB connection
in C:\xampp\htdocs\ferropedia\protected\models\Jugador.php (24)
in C:\xampp\htdocs\ferropedia\wordpress\wp-content\themes\news-maxx\library\templates\layout-blog-1.php (129)
in C:\xampp\htdocs\ferropedia\wordpress\wp-includes\template.php (686)
2017/07/17 17:30:46 [trace] [system.db.CDbCommand] Querying SQL: SHOW FULL COLUMNS FROM `tbl_jugador`
in C:\xampp\htdocs\ferropedia\protected\models\Jugador.php (24)
in C:\xampp\htdocs\ferropedia\wordpress\wp-content\themes\news-maxx\library\templates\layout-blog-1.php (129)
in C:\xampp\htdocs\ferropedia\wordpress\wp-includes\template.php (686)
2017/07/17 17:30:46 [trace] [system.db.CDbCommand] Querying SQL: SHOW CREATE TABLE `tbl_jugador`
in C:\xampp\htdocs\ferropedia\protected\models\Jugador.php (24)
in C:\xampp\htdocs\ferropedia\wordpress\wp-content\themes\news-maxx\library\templates\layout-blog-1.php (129)
in C:\xampp\htdocs\ferropedia\wordpress\wp-includes\template.php (686)
2017/07/17 17:30:46 [trace] [system.db.ar.CActiveRecord] Jugador.findByPk()
in C:\xampp\htdocs\ferropedia\wordpress\wp-content\themes\news-maxx\library\templates\layout-blog-1.php (129)
in C:\xampp\htdocs\ferropedia\wordpress\wp-includes\template.php (686)
in C:\xampp\htdocs\ferropedia\wordpress\wp-includes\template.php (643)
2017/07/17 17:30:46 [trace] [system.db.CDbCommand] Querying SQL: SELECT * FROM `tbl_jugador` `t` WHERE `t`.`id`=26 LIMIT 1
in C:\xampp\htdocs\ferropedia\wordpress\wp-content\themes\news-maxx\library\templates\layout-blog-1.php (129)
in C:\xampp\htdocs\ferropedia\wordpress\wp-includes\template.php (686)
in C:\xampp\htdocs\ferropedia\wordpress\wp-includes\template.php (643)
2017/07/17 17:30:46 [trace] [system.db.ar.CActiveRecord] lazy loading Jugador.data
in C:\xampp\htdocs\ferropedia\wordpress\wp-content\themes\news-maxx\library\templates\layout-blog-1.php (140)
in C:\xampp\htdocs\ferropedia\wordpress\wp-includes\template.php (686)
in C:\xampp\htdocs\ferropedia\wordpress\wp-includes\template.php (643)
2017/07/17 17:30:46 [trace] [system.db.CDbCommand] Querying SQL: SHOW FULL COLUMNS FROM `tbl_data_extra`
in C:\xampp\htdocs\ferropedia\wordpress\wp-content\themes\news-maxx\library\templates\layout-blog-1.php (140)
in C:\xampp\htdocs\ferropedia\wordpress\wp-includes\template.php (686)
in C:\xampp\htdocs\ferropedia\wordpress\wp-includes\template.php (643)
2017/07/17 17:30:46 [trace] [system.db.CDbCommand] Querying SQL: SHOW CREATE TABLE `tbl_data_extra`
in C:\xampp\htdocs\ferropedia\wordpress\wp-content\themes\news-maxx\library\templates\layout-blog-1.php (140)
in C:\xampp\htdocs\ferropedia\wordpress\wp-includes\template.php (686)
in C:\xampp\htdocs\ferropedia\wordpress\wp-includes\template.php (643)
2017/07/17 17:30:46 [trace] [system.db.CDbCommand] Querying SQL: SELECT `data`.`id` AS `t1_c0`, `data`.`model` AS `t1_c1`, `data`.`modelId` AS `t1_c2`, `data`.`titulo` AS `t1_c3`, `data`.`texto` AS `t1_c4` FROM `tbl_data_extra` `data`  WHERE (model = 'Jugador') AND (`data`.`modelId`=:ypl0)
in C:\xampp\htdocs\ferropedia\wordpress\wp-content\themes\news-maxx\library\templates\layout-blog-1.php (140)
in C:\xampp\htdocs\ferropedia\wordpress\wp-includes\template.php (686)
in C:\xampp\htdocs\ferropedia\wordpress\wp-includes\template.php (643)
2017/07/17 17:30:46 [trace] [system.db.ar.CActiveRecord] Jugador.findAll()
in C:\xampp\htdocs\ferropedia\wordpress\wp-content\themes\news-maxx\library\templates\layout-blog-1.php (188)
in C:\xampp\htdocs\ferropedia\wordpress\wp-includes\template.php (686)
in C:\xampp\htdocs\ferropedia\wordpress\wp-includes\template.php (643)
2017/07/17 17:30:46 [trace] [system.db.CDbCommand] Querying SQL: SELECT * FROM `tbl_jugador` `t` WHERE id != 26 ORDER BY RAND() LIMIT 2
in C:\xampp\htdocs\ferropedia\wordpress\wp-content\themes\news-maxx\library\templates\layout-blog-1.php (188)
in C:\xampp\htdocs\ferropedia\wordpress\wp-includes\template.php (686)
in C:\xampp\htdocs\ferropedia\wordpress\wp-includes\template.php (643)
2017/07/17 17:30:47 [trace] [system.CModule] Loading "clientScript" application component
in C:\xampp\htdocs\ferropedia\protected\controllers\WpController.php (8)
in C:\xampp\htdocs\ferropedia\protected\components\ExceptionHandler.php (21)
2017/07/17 17:30:47 [trace] [system.CModule] Loading "log" application component
in C:\xampp\htdocs\ferropedia\index.php (22)
2017/07/17 17:30:47 [trace] [system.CModule] Loading "request" application component
in C:\xampp\htdocs\ferropedia\index.php (22)
2017/07/17 17:30:47 [trace] [system.CModule] Loading "urlManager" application component
in C:\xampp\htdocs\ferropedia\index.php (22)
2017/07/17 17:30:47 [trace] [system.CModule] Loading "coreMessages" application component
in C:\xampp\htdocs\ferropedia\index.php (22)
2017/07/17 17:30:47 [trace] [system.CModule] Loading "db" application component
in C:\xampp\htdocs\ferropedia\protected\models\Jugador.php (24)
in C:\xampp\htdocs\ferropedia\wordpress\wp-content\themes\news-maxx\library\templates\layout-blog-1.php (129)
in C:\xampp\htdocs\ferropedia\wordpress\wp-includes\template.php (686)
2017/07/17 17:30:47 [trace] [system.db.CDbConnection] Opening DB connection
in C:\xampp\htdocs\ferropedia\protected\models\Jugador.php (24)
in C:\xampp\htdocs\ferropedia\wordpress\wp-content\themes\news-maxx\library\templates\layout-blog-1.php (129)
in C:\xampp\htdocs\ferropedia\wordpress\wp-includes\template.php (686)
2017/07/17 17:30:47 [trace] [system.db.CDbCommand] Querying SQL: SHOW FULL COLUMNS FROM `tbl_jugador`
in C:\xampp\htdocs\ferropedia\protected\models\Jugador.php (24)
in C:\xampp\htdocs\ferropedia\wordpress\wp-content\themes\news-maxx\library\templates\layout-blog-1.php (129)
in C:\xampp\htdocs\ferropedia\wordpress\wp-includes\template.php (686)
2017/07/17 17:30:47 [trace] [system.db.CDbCommand] Querying SQL: SHOW CREATE TABLE `tbl_jugador`
in C:\xampp\htdocs\ferropedia\protected\models\Jugador.php (24)
in C:\xampp\htdocs\ferropedia\wordpress\wp-content\themes\news-maxx\library\templates\layout-blog-1.php (129)
in C:\xampp\htdocs\ferropedia\wordpress\wp-includes\template.php (686)
2017/07/17 17:30:47 [trace] [system.db.ar.CActiveRecord] Jugador.findByPk()
in C:\xampp\htdocs\ferropedia\wordpress\wp-content\themes\news-maxx\library\templates\layout-blog-1.php (129)
in C:\xampp\htdocs\ferropedia\wordpress\wp-includes\template.php (686)
in C:\xampp\htdocs\ferropedia\wordpress\wp-includes\template.php (643)
2017/07/17 17:30:47 [trace] [system.db.CDbCommand] Querying SQL: SELECT * FROM `tbl_jugador` `t` WHERE `t`.`id`=26 LIMIT 1
in C:\xampp\htdocs\ferropedia\wordpress\wp-content\themes\news-maxx\library\templates\layout-blog-1.php (129)
in C:\xampp\htdocs\ferropedia\wordpress\wp-includes\template.php (686)
in C:\xampp\htdocs\ferropedia\wordpress\wp-includes\template.php (643)
2017/07/17 17:30:47 [trace] [system.db.ar.CActiveRecord] lazy loading Jugador.data
in C:\xampp\htdocs\ferropedia\wordpress\wp-content\themes\news-maxx\library\templates\layout-blog-1.php (140)
in C:\xampp\htdocs\ferropedia\wordpress\wp-includes\template.php (686)
in C:\xampp\htdocs\ferropedia\wordpress\wp-includes\template.php (643)
2017/07/17 17:30:47 [trace] [system.db.CDbCommand] Querying SQL: SHOW FULL COLUMNS FROM `tbl_data_extra`
in C:\xampp\htdocs\ferropedia\wordpress\wp-content\themes\news-maxx\library\templates\layout-blog-1.php (140)
in C:\xampp\htdocs\ferropedia\wordpress\wp-includes\template.php (686)
in C:\xampp\htdocs\ferropedia\wordpress\wp-includes\template.php (643)
2017/07/17 17:30:47 [trace] [system.db.CDbCommand] Querying SQL: SHOW CREATE TABLE `tbl_data_extra`
in C:\xampp\htdocs\ferropedia\wordpress\wp-content\themes\news-maxx\library\templates\layout-blog-1.php (140)
in C:\xampp\htdocs\ferropedia\wordpress\wp-includes\template.php (686)
in C:\xampp\htdocs\ferropedia\wordpress\wp-includes\template.php (643)
2017/07/17 17:30:47 [trace] [system.db.CDbCommand] Querying SQL: SELECT `data`.`id` AS `t1_c0`, `data`.`model` AS `t1_c1`, `data`.`modelId` AS `t1_c2`, `data`.`titulo` AS `t1_c3`, `data`.`texto` AS `t1_c4` FROM `tbl_data_extra` `data`  WHERE (model = 'Jugador') AND (`data`.`modelId`=:ypl0)
in C:\xampp\htdocs\ferropedia\wordpress\wp-content\themes\news-maxx\library\templates\layout-blog-1.php (140)
in C:\xampp\htdocs\ferropedia\wordpress\wp-includes\template.php (686)
in C:\xampp\htdocs\ferropedia\wordpress\wp-includes\template.php (643)
2017/07/17 17:30:47 [trace] [system.db.ar.CActiveRecord] Jugador.findAll()
in C:\xampp\htdocs\ferropedia\wordpress\wp-content\themes\news-maxx\library\templates\layout-blog-1.php (188)
in C:\xampp\htdocs\ferropedia\wordpress\wp-includes\template.php (686)
in C:\xampp\htdocs\ferropedia\wordpress\wp-includes\template.php (643)
2017/07/17 17:30:47 [trace] [system.db.CDbCommand] Querying SQL: SELECT * FROM `tbl_jugador` `t` WHERE id != 26 ORDER BY RAND() LIMIT 2
in C:\xampp\htdocs\ferropedia\wordpress\wp-content\themes\news-maxx\library\templates\layout-blog-1.php (188)
in C:\xampp\htdocs\ferropedia\wordpress\wp-includes\template.php (686)
in C:\xampp\htdocs\ferropedia\wordpress\wp-includes\template.php (643)
2017/07/17 17:30:48 [trace] [system.CModule] Loading "clientScript" application component
in C:\xampp\htdocs\ferropedia\protected\controllers\WpController.php (8)
in C:\xampp\htdocs\ferropedia\protected\components\ExceptionHandler.php (21)
2017/07/17 17:34:23 [trace] [system.CModule] Loading "log" application component
in C:\xampp\htdocs\ferropedia\index.php (22)
2017/07/17 17:34:23 [trace] [system.CModule] Loading "request" application component
in C:\xampp\htdocs\ferropedia\index.php (22)
2017/07/17 17:34:23 [trace] [system.CModule] Loading "urlManager" application component
in C:\xampp\htdocs\ferropedia\index.php (22)
2017/07/17 17:34:23 [trace] [system.CModule] Loading "coreMessages" application component
in C:\xampp\htdocs\ferropedia\index.php (22)
2017/07/17 17:34:23 [trace] [system.CModule] Loading "clientScript" application component
in C:\xampp\htdocs\ferropedia\protected\controllers\WpController.php (8)
in C:\xampp\htdocs\ferropedia\protected\components\ExceptionHandler.php (21)
2017/07/17 17:34:25 [trace] [system.CModule] Loading "log" application component
in C:\xampp\htdocs\ferropedia\index.php (22)
2017/07/17 17:34:25 [trace] [system.CModule] Loading "request" application component
in C:\xampp\htdocs\ferropedia\index.php (22)
2017/07/17 17:34:25 [trace] [system.CModule] Loading "urlManager" application component
in C:\xampp\htdocs\ferropedia\index.php (22)
2017/07/17 17:34:25 [trace] [system.CModule] Loading "coreMessages" application component
in C:\xampp\htdocs\ferropedia\index.php (22)
2017/07/17 17:34:25 [trace] [system.CModule] Loading "clientScript" application component
in C:\xampp\htdocs\ferropedia\protected\controllers\WpController.php (8)
in C:\xampp\htdocs\ferropedia\protected\components\ExceptionHandler.php (21)
2017/07/17 17:34:34 [trace] [system.CModule] Loading "log" application component
in C:\xampp\htdocs\ferropedia\index.php (22)
2017/07/17 17:34:34 [trace] [system.CModule] Loading "request" application component
in C:\xampp\htdocs\ferropedia\index.php (22)
2017/07/17 17:34:34 [trace] [system.CModule] Loading "urlManager" application component
in C:\xampp\htdocs\ferropedia\index.php (22)
2017/07/17 17:34:34 [trace] [system.CModule] Loading "coreMessages" application component
in C:\xampp\htdocs\ferropedia\index.php (22)
2017/07/17 17:34:35 [trace] [system.CModule] Loading "clientScript" application component
in C:\xampp\htdocs\ferropedia\protected\controllers\WpController.php (8)
in C:\xampp\htdocs\ferropedia\protected\components\ExceptionHandler.php (21)
2017/07/17 17:34:50 [trace] [system.CModule] Loading "log" application component
in C:\xampp\htdocs\ferropedia\index.php (22)
2017/07/17 17:34:50 [trace] [system.CModule] Loading "request" application component
in C:\xampp\htdocs\ferropedia\index.php (22)
2017/07/17 17:34:50 [trace] [system.CModule] Loading "urlManager" application component
in C:\xampp\htdocs\ferropedia\index.php (22)
2017/07/17 17:34:50 [trace] [system.CModule] Loading "coreMessages" application component
in C:\xampp\htdocs\ferropedia\index.php (22)
2017/07/17 17:34:51 [trace] [system.CModule] Loading "clientScript" application component
in C:\xampp\htdocs\ferropedia\protected\controllers\WpController.php (8)
in C:\xampp\htdocs\ferropedia\protected\components\ExceptionHandler.php (21)
2017/07/17 17:35:22 [trace] [system.CModule] Loading "log" application component
in C:\xampp\htdocs\ferropedia\index.php (22)
2017/07/17 17:35:22 [trace] [system.CModule] Loading "request" application component
in C:\xampp\htdocs\ferropedia\index.php (22)
2017/07/17 17:35:22 [trace] [system.CModule] Loading "urlManager" application component
in C:\xampp\htdocs\ferropedia\index.php (22)
2017/07/17 17:35:22 [trace] [system.CModule] Loading "coreMessages" application component
in C:\xampp\htdocs\ferropedia\index.php (22)
2017/07/17 17:35:22 [trace] [system.CModule] Loading "clientScript" application component
in C:\xampp\htdocs\ferropedia\protected\controllers\WpController.php (8)
in C:\xampp\htdocs\ferropedia\protected\components\ExceptionHandler.php (21)
2017/07/17 17:55:55 [trace] [system.CModule] Loading "log" application component
in C:\xampp\htdocs\ferropedia\index.php (22)
2017/07/17 17:55:55 [trace] [system.CModule] Loading "request" application component
in C:\xampp\htdocs\ferropedia\index.php (22)
2017/07/17 17:55:55 [trace] [system.CModule] Loading "urlManager" application component
in C:\xampp\htdocs\ferropedia\index.php (22)
2017/07/17 17:55:55 [trace] [system.CModule] Loading "coreMessages" application component
in C:\xampp\htdocs\ferropedia\index.php (22)
2017/07/17 17:55:55 [trace] [system.CModule] Loading "clientScript" application component
in C:\xampp\htdocs\ferropedia\protected\controllers\WpController.php (8)
in C:\xampp\htdocs\ferropedia\protected\components\ExceptionHandler.php (21)
